I2C succesfully opened
I2C succesfully opened
Failed to write to the i2c bus.
Failed to write to the i2c bus.
Failed to write to the i2c bus.
MASX -3812.74
MASY 1628.66
MASZ -3251.46
MASX -2843.99
MASY 1159.91
MASZ -2095.21
MASX -3312.74
MASY 2659.91
MASZ -1751.46
MASX -3500.24
MASY 847.412
MASZ -1563.96
MASX -3750.24
MASY 2316.16
MASZ -3126.46
MASX -2406.49
MASY 1753.66
MASZ -782.715
MASX -2593.99
MASY 1941.16
MASZ -2157.71
MASX -3937.74
MASY 2941.16
MASZ -626.465
MASX -2968.99
MASY 1753.66
MASZ -2626.46
MASX -2875.24
MASY 1691.16
MASZ -3626.46
MASX -3562.74
MASY 1753.66
MASZ 3936.04
MASX -3250.24
MASY 1691.16
MASZ -2970.21
MASX -2750.24
MASY 1597.41
MASZ -2001.46
MASX -2312.74
MASY 1628.66
MASZ -1876.46
MASX 3874.76
MASY 1472.41
MASZ -3688.96
MASX -3062.74
MASY 1784.91
MASZ -1595.21
MASX -2562.74
MASY 566.162
MASZ -2907.71
MASX -3062.74
MASY 566.162
MASZ 3498.54
MASX -3531.49
MASY 1784.91
MASZ -1157.71
MASX -3125.24
MASY 1003.66
MASZ -3188.96
MASX -1812.74
MASY 472.412
MASZ -2063.96
MASX -2000.24
MASY 2253.78
MASZ 92.2852
MASX -3125.24
MASY 941.162
MASZ -1407.71
MASX -3437.74
MASY 1566.16
MASZ -2845.21
MASX -2781.49
MASY 1972.41
MASZ -1032.71
MASX -2937.74
MASY 566.162
MASZ -2938.96
MASX -2812.74
MASY 816.162
MASZ -2095.21
MASX -3187.74
MASY 1847.41
MASZ -1595.21
MASX -3781.49
MASY 1034.91
MASZ -2938.96
MASX -2625.24
MASY 3191.16
MASZ -1845.21
MASX -2781.49
MASY 1847.41
MASZ -1282.71
MASX -3218.99
MASY 659.912
MASZ -3938.96
MASX -3812.74
MASY 1128.66
MASZ -2970.21
MASX -2343.99
MASY 1472.41
MASZ -2657.71
MASX -3937.87
MASY -246.338
MASZ -1938.96
MASX -2625.24
MASY 1316.16
MASZ -1501.46
MASX -2937.74
MASY 1503.66
MASZ 3748.54
MASX -2156.49
MASY 972.412
MASZ -2407.71
MASX -2375.24
MASY 1472.41
MASZ -470.215
MASX -2437.74
MASY 941.162
MASZ -2657.71
MASX -2750.24
MASY 628.662
MASZ -3032.71
MASX -2625.24
MASY 847.412
MASZ -2438.96
MASX -2875.24
MASY 441.162
MASZ -626.465
MASX -3781.49
MASY 347.412
MASZ -220.215
MASX -3281.49
MASY 472.412
MASZ -1782.71
MASX -3312.74
MASY 1128.66
MASZ -1532.71
MASX -2218.99
MASY 1722.41
MASZ -1313.96
MASX -2625.24
MASY 191.162
MASZ -1220.21
MASX -3125.24
MASY 1753.66
MASZ -2220.21
MASX -3093.99
MASY 1816.16
MASZ -2532.71
MASX -2906.49
MASY 1878.66
MASZ -688.965
MASX -2375.24
MASY 1941.16
MASZ -2251.46
MASX -2312.74
MASY 1128.66
MASZ -626.465
MASX -3781.49
MASY 1191.16
MASZ -3563.96
MASX -2500.24
MASY 2909.91
MASZ 3998.54
MASX -2468.99
MASY 1659.91
MASZ -501.465
MASX -2343.99
MASY 1097.53
MASZ 248.535
MASX -2937.74
MASY 1034.91
MASZ -688.965
MASX -3625.24
MASY 1847.41
MASZ -2126.46
MASX -3562.74
MASY 941.162
MASZ -3470.21
MASX -2968.99
MASY 2034.91
MASZ -251.465
MASX -2375.24
MASY 441.162
MASZ -3407.71
MASX -2718.99
MASY 1972.41
MASZ -2188.96
MASX -3781.49
MASY 1691.16
MASZ -2220.21
MASX -2406.49
MASY 503.662
MASZ -2501.46
MASX -2968.99
MASY 1159.91
MASZ -2001.46
MASX -3562.74
MASY 2003.66
MASZ -3063.96
MASX -3593.99
MASY 722.412
MASZ -2001.46
MASX -3000.24
MASY 1534.91
MASZ -3720.21
MASX -3781.49
MASY 722.412
MASZ -720.215
MASX -3156.49
MASY 597.412
MASZ -1595.21
MASX -3625.24
MASY 1566.16
MASZ -782.715
MASX -3750.24
MASY 722.412
MASZ 3592.29
MASX -2593.99
MASY 1441.16
MASZ -3001.46
MASX -2843.99
MASY 1503.78
MASZ 217.285
MASX -1750.24
MASY 1097.41
MASZ -2813.96
MASX -3531.49
MASY 1972.41
MASZ -1907.71
MASX -3093.99
MASY 1941.16
MASZ 3967.29
MASX -2468.99
MASY 1066.16
MASZ -313.965
MASX -3625.24
MASY 1097.41
MASZ -1970.21
MASX -3750.24
MASY 1472.41
MASZ -2938.96
MASX -3062.74
MASY 1847.41
MASZ -1626.46
MASX -1281.49
MASY 1566.16
MASZ -3126.46
MASX -2875.24
MASY 1347.41
MASZ -1813.96
MASX -2187.74
MASY 2097.41
MASZ -2532.71
MASX -3281.49
MASY 1034.91
MASZ -2438.96
MASX -2406.49
MASY 1784.91
MASZ -3813.96
MASX 3749.76
MASY 1628.66
MASZ -1376.46
MASX -3031.49
MASY 503.662
MASZ -1720.21
MASX -2718.99
MASY 816.162
MASZ -813.965
MASX 3437.26
MASY 1034.91
MASZ -2407.71
MASX -2812.74
MASY 1722.41
MASZ -3782.71
MASX 3999.76
MASY 1253.66
MASZ -938.965
MASX -3875.24
MASY 659.912
MASZ -3876.46
MASX -3406.49
MASY 1284.91
MASZ -2970.21
MASX -2375.24
MASY 1284.91
MASZ -626.465
MASX -3281.49
MASY 1659.91
MASZ -1563.96
MASX -2656.49
MASY 503.662
MASZ -1407.71
MASX -3812.74
MASY 1628.66
MASZ -2220.21
MASX -3093.99
MASY 1253.66
MASZ -2063.96
MASX -2531.49
MASY 2972.41
MASZ -1345.21
MASX -3656.49
MASY 1753.66
MASZ -1720.21
MASX -2968.99
MASY 2566.16
MASZ -1220.21
MASX -2687.74
MASY 1722.41
MASZ -2532.71
MASX -2750.24
MASY 1191.16
MASZ -438.965
MASX -2437.74
MASY 941.162
MASZ -2157.71
MASX -3531.49
MASY 1784.91
MASZ 3686.04
MASX -2375.24
MASY 1691.16
MASZ -1251.46
MASX -2000.24
MASY 1628.66
MASZ -1438.96
MASX -3781.49
MASY 1472.41
MASZ -2720.21
MASX -3000.24
MASY 784.912
MASZ -1907.71
MASX -3562.74
MASY 1753.66
MASZ -1532.71
MASX -3218.99
MASY 1816.16
MASZ -2001.46
MASX -3218.99
MASY 972.412
MASZ -907.715
MASX 3968.51
MASY 1597.41
MASZ -3157.71
MASX -3750.24
MASY 1066.16
MASZ -2782.71
MASX -2875.24
MASY 847.412
MASZ -1470.21
MASX -3281.49
MASY 972.412
MASZ -1407.71
MASX 3999.76
MASY 1909.91
MASZ -1376.46
MASX -2781.49
MASY 534.912
MASZ -3595.21
MASX -3781.49
MASY 159.912
MASZ -407.715
MASX -2625.24
MASY 2847.41
MASZ -907.715
MASX -3593.99
MASY 1128.66
MASZ -1751.46
MASX 3968.51
MASY 1503.66
MASZ -3345.21
MASX -3531.49
MASY 816.162
MASZ -2688.96
MASX -3625.24
MASY 2159.91
MASZ -688.965
MASX -2750.24
MASY 753.662
MASZ -2063.96
MASX -3687.74
MASY 1691.16
MASZ -845.215
MASX -2375.24
MASY 66.1621
MASZ -1126.46
MASX -3125.24
MASY 784.912
MASZ -407.715
MASX -2843.99
MASY 1566.16
MASZ -1657.71
MASX -2468.99
MASY 1128.66
MASZ -3407.71
MASX -2875.24
MASY 1378.66
MASZ -1313.96
MASX -1812.74
MASY 2003.66
MASZ -2376.46
MASX -2906.49
MASY 1659.91
MASZ -2126.46
MASX -3781.49
MASY 2347.41
MASZ -3001.46
MASX -2062.74
MASY 159.912
MASZ -1532.71
MASX -3156.49
MASY 659.912
MASZ -2157.71
MASX -3218.99
MASY 659.912
MASZ -3563.96
MASX -3250.24
MASY 1253.66
MASZ -2063.96
MASX 3906.01
MASY 1909.91
MASZ -3470.21
MASX -2843.99
MASY 1191.16
MASZ -1188.96
MASX -3719.12
MASY -746.338
MASZ -813.965
MASX 3687.26
MASY 909.912
MASZ -1688.96
MASX -2437.74
MASY 597.412
MASZ -3032.71
MASX -2343.99
MASY 253.662
MASZ -1470.21
MASX -3937.74
MASY 941.162
MASZ -1345.21
MASX -3781.49
MASY 784.912
MASZ -2813.96
MASX 3874.76
MASY 1441.16
MASZ -1188.96
MASX -3156.49
MASY 441.162
MASZ -3532.71
MASX -1531.49
MASY 2253.66
MASZ -3126.46
MASX -2687.74
MASY 1909.91
MASZ -2657.71
MASX -2843.99
MASY 1128.78
MASZ 123.535
MASX 3968.51
MASY 1347.41
MASZ -876.465
MASX -2875.24
MASY 2878.66
MASZ -595.215
MASX -3656.49
MASY 2128.66
MASZ -595.215
MASX 3999.76
MASY 1409.91
MASZ -2970.21
MASX -1406.62
MASY -465.088
MASZ -2501.46
MASX -2718.99
MASY 1566.16
MASZ -3438.96
MASX -3187.74
MASY 909.912
MASZ -3345.21
MASX -2093.99
MASY 1878.66
MASZ -1063.96
MASX -2750.24
MASY 441.162
MASZ -1563.96
MASX -2156.49
MASY 2409.91
MASZ -1688.96
MASX 3749.76
MASY 1784.91
MASZ -3532.71
MASX -3875.24
MASY 1597.41
MASZ -1688.96
MASX -2937.74
MASY 878.662
MASZ -2188.96
MASX -3218.99
MASY 128.662
MASZ -845.215
MASX -3250.24
MASY 1347.41
MASZ -3001.46
MASX -2531.49
MASY 2284.91
MASZ -2220.21
MASX -3375.24
MASY 972.412
MASZ -1720.21
MASX 3749.76
MASY 347.412
MASZ -2282.71
MASX -2000.24
MASY 1972.41
MASZ -2470.21
MASX -3906.49
MASY 1722.41
MASZ -1970.21
MASX -3531.49
MASY 378.662
MASZ -2595.21
MASX 3999.76
MASY 1284.91
MASZ -2845.21
MASX -3906.49
MASY 1191.16
MASZ -595.215
MASX -3062.74
MASY 1722.41
MASZ -3813.96
MASX -3062.74
MASY 1378.66
MASZ -2501.46
MASX -1781.49
MASY 1097.41
MASZ -2563.96
MASX -2312.74
MASY 1441.16
MASZ -2095.21
MASX -2062.74
MASY 1847.41
MASZ -1095.21
MASX -2781.49
MASY 1722.41
MASZ -1001.46
MASX -3312.74
MASY 784.912
MASZ -3970.21
MASX -3875.24
MASY 878.662
MASZ -2657.71
MASX -2531.49
MASY 534.912
MASZ -2688.96
MASX -2468.99
MASY 1003.66
MASZ -657.715
MASX 1374.76
MASY 1035.03
MASZ 2779.79
MASX 718.506
MASY 284.912
MASZ -657.715
MASX 3437.26
MASY 2222.41
MASZ -3126.46
MASX 31.0059
MASY 1691.16
MASZ -3657.71
MASX -906.494
MASY 909.912
MASZ -2313.96
MASX 2937.26
MASY 1566.16
MASZ -720.215
MASX 1718.38
MASY -152.588
MASZ -1063.96
MASX 3031.01
MASY 472.412
MASZ -2001.46
MASX 687.256
MASY 1691.16
MASZ 2654.79
MASX -1281.49
MASY 409.912
MASZ -3376.46
MASX -3031.49
MASY 2097.41
MASZ -2876.46
MASX -3781.49
MASY 1316.16
MASZ -438.965
MASX -3437.74
MASY 1534.91
MASZ -2001.46
MASX -2062.74
MASY 2566.16
MASZ -2595.21
MASX -2343.99
MASY 2097.41
MASZ 3811.04
MASX -1781.49
MASY 1222.41
MASZ -3907.71
MASX -2500.24
MASY 659.912
MASZ -1407.71
MASX -3406.49
MASY 472.412
MASZ -2563.96
MASX -3812.74
MASY 1534.91
MASZ -1813.96
MASX -2812.74
MASY 972.412
MASZ -3501.46
MASX -1250.24
MASY 753.662
MASZ -3470.21
MASX -3812.74
MASY 691.162
MASZ -1001.46
MASX 2812.26
MASY 2034.91
MASZ -1345.21
MASX 3499.76
MASY 1378.66
MASZ -2157.71
MASX -2531.49
MASY 441.162
MASZ -1626.46
MASX -3906.49
MASY 1878.66
MASZ -2938.96
MASX -3968.99
MASY 1722.41
MASZ -470.215
MASX 3343.51
MASY 941.162
MASZ -1313.96
MASX -3968.99
MASY 1191.16
MASZ -2876.46
MASX -3906.49
MASY 97.4121
MASZ -3688.96
MASX -2093.99
MASY 2066.16
MASZ -1970.21
MASX -3593.99
MASY 191.162
MASZ -2626.46
MASX -2656.49
MASY 1597.41
MASZ -2938.96
MASX -3437.74
MASY 2191.16
MASZ -2126.46
MASX -2843.99
MASY 1503.66
MASZ -1532.71
MASX -1500.24
MASY 1722.41
MASZ -2407.71
MASX -2375.24
MASY 1597.41
MASZ -1251.46
MASX -1656.49
MASY 1972.41
MASZ -2001.46
MASX -3625.24
MASY 1316.16
MASZ -2220.21
MASX -3093.99
MASY 1691.16
MASZ -1688.96
MASX -3000.24
MASY 1409.91
MASZ -2907.71
MASX -2531.49
MASY 1347.41
MASZ -3188.96
MASX -1968.99
MASY 1847.41
MASZ -1782.71
MASX -1500.24
MASY 1066.16
MASZ -2251.46
MASX -3312.74
MASY 566.162
MASZ -2095.21
MASX -3375.24
MASY 1878.66
MASZ -345.215
MASX -3906.62
MASY -652.588
MASZ -2595.21
MASX 3843.51
MASY 972.412
MASZ -2313.96
MASX -2156.49
MASY 128.662
MASZ -1376.46
MASX -3875.24
MASY 1816.16
MASZ -3282.71
MASX -3812.74
MASY 1034.91
MASZ -407.715
MASX -2812.74
MASY 1816.16
MASZ -1720.21
MASX -3875.24
MASY 2159.91
MASZ -2907.71
MASX -3156.49
MASY 2753.66
MASZ -1876.46
MASX -3531.49
MASY 1284.91
MASZ -2188.96
MASX -1968.99
MASY 2253.66
MASZ -220.215
MASX -3468.99
MASY 1316.16
MASZ -563.965
MASX -2937.74
MASY 816.162
MASZ -3376.46
MASX -2093.99
MASY 2597.41
MASZ -1907.71
MASX -1625.24
MASY 1097.41
MASZ -2313.96
MASX -3187.74
MASY 1909.91
MASZ -2376.46
MASX -1531.49
MASY 2097.41
MASZ -3220.21
MASX -2687.74
MASY 1691.16
MASZ -2063.96
MASX -3562.74
MASY 878.662
MASZ -2688.96
MASX -3718.99
MASY 2003.66
MASZ -2313.96
MASX -3312.74
MASY 534.912
MASZ -1501.46
MASX 3906.01
MASY 1378.66
MASZ -3188.96
MASX -3562.74
MASY 1847.41
MASZ -1813.96
MASX -3593.99
MASY 1253.66
MASZ -1813.96
MASX -1968.99
MASY 1534.91
MASZ -3595.21
MASX -3718.99
MASY 1941.16
MASZ -2501.46
MASX -2093.99
MASY 1534.91
MASZ -845.215
MASX -3875.24
MASY 1659.91
MASZ -2626.46
MASX -3250.24
MASY 1222.41
MASZ -2438.96
MASX -3468.99
MASY 1128.66
MASZ -1532.71
MASX -3718.99
MASY 1659.91
MASZ -2438.96
MASX -3218.99
MASY 534.912
MASZ -2657.71
MASX 3843.51
MASY 1659.91
MASZ -532.715
MASX -2625.24
MASY 2034.91
MASZ -3438.96
MASX -3125.24
MASY 1253.66
MASZ -3407.71
MASX -3718.99
MASY 2316.16
MASZ -1970.21
MASX 3999.76
MASY 2003.66
MASZ -2407.71
MASX -2250.24
MASY 1878.66
MASZ -1876.46
MASX -2750.24
MASY 1409.91
MASZ -2438.96
MASX -2437.74
MASY 1597.41
MASZ 3498.54
MASX -3562.74
MASY 1597.41
MASZ -2657.71
MASX 3937.26
MASY 1597.41
MASZ -3157.71
MASX -2531.49
MASY 1316.16
MASZ -845.215
MASX -2812.74
MASY 2191.16
MASZ -2563.96
MASX -2875.24
MASY 1003.66
MASZ -3657.71
MASX -2625.24
MASY 1347.41
MASZ -2157.59
MASX -3031.49
MASY 284.912
MASZ -1845.21
MASX -2906.49
MASY 2159.91
MASZ -3657.71
MASX 3843.51
MASY 1628.66
MASZ -2157.71
MASX -2843.99
MASY 128.662
MASZ -1376.46
MASX -3843.99
MASY 1597.41
MASZ -3751.46
MASX -3125.24
MASY 1691.16
MASZ -1407.71
MASX -2718.99
MASY 1253.66
MASZ -1063.96
MASX 3593.38
MASY -402.588
MASZ -1032.71
MASX -3500.24
MASY 722.412
MASZ -1782.71
MASX -2219.12
MASY -58.8379
MASZ -2501.34
MASX -3156.49
MASY 1503.66
MASZ 3686.04
MASX -2718.99
MASY 1253.66
MASZ -1532.71
MASX -3062.74
MASY 1034.91
MASZ -2220.21
MASX 3937.26
MASY 1816.16
MASZ -970.215
MASX -3812.74
MASY 566.162
MASZ -1595.21
MASX -3250.24
MASY 3003.66
MASZ -2157.71
MASX -2750.24
MASY 1066.16
MASZ -1345.21
MASX -3343.99
MASY 1784.91
MASZ -1688.96
MASX -3687.74
MASY 2409.91
MASZ -2001.46
MASX -3406.49
MASY 1534.91
MASZ -2876.46
MASX -3031.49
MASY 1347.41
MASZ -3251.46
MASX -1562.74
MASY 1253.66
MASZ -1563.96
MASX -3281.49
MASY 347.412
MASZ -2438.96
MASX 3281.01
MASY 1347.41
MASZ -720.215
MASX 3937.26
MASY 878.662
MASZ -2220.21
MASX -2593.99
MASY 1753.66
MASZ -3188.96
MASX -3031.49
MASY 1347.41
MASZ -1751.46
MASX -2656.49
MASY 1628.66
MASZ -2563.96
MASX -3593.99
MASY 1534.91
MASZ -1876.46
MASX -3281.49
MASY 816.162
MASZ -2876.46
MASX -3968.99
MASY 1691.16
MASZ -3532.71
MASX -2468.99
MASY 2222.41
MASZ -1907.71
MASX -3343.99
MASY 1253.66
MASZ -2813.96
MASX -2281.49
MASY 409.912
MASZ 3873.54
MASX -1406.49
MASY 566.162
MASZ 3654.79
MASX -2562.74
MASY 378.662
MASZ -1470.21
MASX 3874.76
MASY 1034.91
MASZ -1813.96
MASX 2843.51
MASY 253.784
MASZ 342.285
MASX 3843.51
MASY 2597.41
MASZ -2313.96
MASX 3968.51
MASY 2222.41
MASZ -2688.84
MASX -2781.49
MASY 2347.41
MASZ -1282.71
MASX -3000.24
MASY 3316.16
MASZ -2595.09
MASX -3031.49
MASY 2253.66
MASZ -688.965
MASX 3531.01
MASY 909.912
MASZ -1563.96
MASX -3468.99
MASY 659.912
MASZ -1751.46
MASX -2281.49
MASY 1159.91
MASZ -2720.21
MASX -2062.74
MASY 691.162
MASZ -1657.59
MASX -625.244
MASY 1441.16
MASZ -2032.59
MASX -2562.74
MASY 2722.41
MASZ -2470.09
MASX -3843.99
MASY 2472.41
MASZ -1501.46
MASX 3624.76
MASY 1347.41
MASZ -876.343
MASX -3250.24
MASY 1347.41
MASZ -1282.59
MASX -2687.74
MASY 1847.41
MASZ -2813.84
MASX -3406.49
MASY 2784.91
MASZ -1438.84
MASX -2468.99
MASY 1284.91
MASZ -2595.09
MASX -2312.74
MASY 2034.91
MASZ -1220.21
MASX -3000.24
MASY 1347.41
MASZ -1907.71
MASX -2437.74
MASY 1753.78
MASZ 1311.04
MASX -1687.74
MASY 784.912
MASZ -970.093
MASX -1000.37
MASY -246.338
MASZ -3220.09
MASX -1437.74
MASY 1347.41
MASZ -2657.71
MASX -3687.74
MASY 909.912
MASZ -3501.34
MASX -2250.24
MASY 159.912
MASZ -2438.96
MASX -3906.49
MASY 128.784
MASZ 1029.91
MASX 3843.51
MASY 1597.53
MASZ 436.157
MASX 3468.51
MASY 1191.16
MASZ -1970.09
MASX -2843.99
MASY 816.162
MASZ -2126.34
MASX -781.494
MASY 1128.66
MASZ -2282.71
MASX -2656.49
MASY 1503.66
MASZ -1657.59
MASX -2375.24
MASY 1034.91
MASZ -251.343
MASX 3718.51
MASY 659.912
MASZ -1251.34
MASX 2718.51
MASY 128.662
MASZ -782.593
MASX -3000.24
MASY 1003.66
MASZ -1345.09
MASX -2468.99
MASY 1941.16
MASZ -3376.34
MASX -2687.74
MASY 784.912
MASZ -2532.71
MASX -2812.74
MASY 1441.16
MASZ -2751.46
MASX -3250.24
MASY 909.912
MASZ -813.965
MASX -2656.49
MASY 2378.66
MASZ -501.343
MASX -2062.74
MASY 1284.91
MASZ -2938.84
MASX -2562.74
MASY 1097.41
MASZ -1251.34
MASX -3375.24
MASY 1972.41
MASZ -1626.46
MASX -3968.99
MASY 1034.91
MASZ -2220.09
MASX -3875.24
MASY 1566.16
MASZ -407.593
MASX -3062.74
MASY 34.9121
MASZ -2595.09
MASX -2125.24
MASY 628.662
MASZ -2313.84
MASX -2812.74
MASY 1816.16
MASZ 3279.91
MASX -2406.49
MASY 566.162
MASZ -3126.34
MASX -3218.99
MASY 1316.16
MASZ -2220.09
MASX -2781.49
MASY 1659.91
MASZ -1595.09
MASX 3593.51
MASY 1597.41
MASZ -1407.59
MASX -2812.74
MASY 2503.66
MASZ -2157.59
MASX -2718.99
MASY 2472.41
MASZ -3501.34
MASX -3093.99
MASY 1472.41
MASZ -3407.59
MASX -3250.37
MASY -621.338
MASZ -2438.84
MASX -3250.24
MASY 941.162
MASZ -3188.84
MASX -3562.74
MASY 284.912
MASZ -1595.09
MASX -2468.99
MASY 1284.91
MASZ -2970.21
MASX -3687.74
MASY 1222.41
MASZ -1876.34
MASX -3218.99
MASY 1878.66
MASZ -1907.59
MASX -2656.62
MASY -121.338
MASZ -3376.34
MASX -2937.74
MASY 1753.66
MASZ -2845.09
MASX -3718.99
MASY 847.412
MASZ -970.093
MASX 3562.26
MASY 1316.16
MASZ -2595.09
MASX -2687.74
MASY 2066.16
MASZ -1095.09
MASX 3656.01
MASY 909.912
MASZ -1626.34
MASX -3000.24
MASY 222.412
MASZ -2626.34
MASX -2156.49
MASY 1784.91
MASZ -2782.59
MASX -2062.74
MASY 1722.41
MASZ -1782.59
MASX -3125.24
MASY 1097.41
MASZ -2188.84
MASX -3281.49
MASY 1034.91
MASZ -282.593
MASX -3625.24
MASY 628.662
MASZ -720.093
MASX -3187.74
MASY 1597.41
MASZ -1501.46
MASX -1500.24
MASY 2034.91
MASZ -2595.09
MASX -2593.99
MASY 1441.16
MASZ -2657.59
MASX -3437.74
MASY 1097.41
MASZ -2532.59
MASX -3968.99
MASY 1034.91
MASZ -751.343
MASX -3093.99
MASY 1409.91
MASZ -1220.09
MASX -2031.49
MASY 1597.41
MASZ -1595.09
MASX -3562.74
MASY 1628.66
MASZ -2032.59
MASX -2906.49
MASY 784.912
MASZ -2782.59
MASX -3687.74
MASY 722.412
MASZ -3157.59
MASX -3687.74
MASY 1909.91
MASZ -1782.59
MASX -2406.49
MASY 628.662
MASZ -3032.59
MASX -3406.49
MASY 1503.66
MASZ -2907.59
MASX -3218.99
MASY 1222.41
MASZ -1438.84
MASX -3093.99
MASY 2191.16
MASZ -3501.34
MASX 3687.26
MASY 1503.66
MASZ -1626.34
MASX -3500.24
MASY 2253.66
MASZ -1188.84
MASX -2281.49
MASY 1097.41
MASZ -1157.59
MASX -3843.99
MASY 1784.91
MASZ -1751.34
MASX 3999.76
MASY 753.662
MASZ -2938.84
MASX -3843.99
MASY 1066.16
MASZ -3376.34
MASX -1750.24
MASY 847.412
MASZ 3811.16
MASX -2531.49
MASY 1878.66
MASZ -2501.34
MASX -3781.49
MASY 1441.16
MASZ -3470.09
MASX -2468.99
MASY 2097.41
MASZ -1563.84
MASX -1687.74
MASY 1378.66
MASZ -2563.84
MASX -3500.24
MASY 1534.91
MASZ -532.593
MASX -2531.49
MASY 1784.91
MASZ -2032.59
MASX -2500.24
MASY 2128.66
MASZ -3282.59
MASX -1781.49
MASY 2566.16
MASZ 3436.16
MASX -1718.99
MASY 2003.66
MASZ -2782.59
MASX -1281.49
MASY 2159.91
MASZ -1845.09
MASX -3656.49
MASY 2441.16
MASZ -2595.09
MASX -3531.49
MASY 1941.16
MASZ -2220.09
MASX -1625.24
MASY 1566.16
MASZ -2095.09
MASX -2625.24
MASY 753.662
MASZ -1938.84
MASX -3062.74
MASY 659.912
MASZ -3407.59
MASX 3968.51
MASY 1097.41
MASZ -3282.59
MASX -3375.24
MASY 1066.16
MASZ -3813.84
MASX 3343.51
MASY 1097.41
MASZ -3157.59
MASX 3749.76
MASY 2847.41
MASZ -1563.84
MASX -3031.49
MASY 1566.16
MASZ -3188.84
MASX 2999.76
MASY 972.412
MASZ -3595.09
MASX -3093.99
MASY 1722.41
MASZ -2282.59
MASX 3343.51
MASY 2378.66
MASZ -1938.84
MASX -3812.74
MASY 2034.91
MASZ -1688.84
MASX 3749.76
MASY 1191.16
MASZ -970.093
MASX -3250.24
MASY 941.162
MASZ -657.593
MASX -3093.99
MASY 1378.66
MASZ -1595.09
MASX -3093.99
MASY 597.412
MASZ -2845.09
MASX -3031.49
MASY 1003.66
MASZ -2845.09
MASX -2843.99
MASY 1472.41
MASZ -1470.09
MASX -2718.99
MASY 1909.91
MASZ -2938.84
MASX -3312.74
MASY 2566.16
MASZ -3095.09
MASX -2937.74
MASY 1941.16
MASZ -2845.09
MASX -2750.24
MASY 1253.66
MASZ -3626.34
MASX -3437.74
MASY 2784.91
MASZ -3345.09
MASX -2781.49
MASY 2066.16
MASZ -2095.09
MASX -3656.49
MASY 2159.91
MASZ -688.843
MASX -2937.74
MASY 1316.28
MASZ 123.657
MASX -2593.99
MASY 1191.16
MASZ -3001.34
MASX -2656.49
MASY 1409.91
MASZ -1751.34
MASX -3343.99
MASY 1128.66
MASZ -970.093
MASX -2906.49
MASY 659.912
MASZ -3188.84
MASX -2812.74
MASY 1659.91
MASZ -2376.34
MASX -2218.99
MASY 1941.16
MASZ -3501.34
MASX 3812.26
MASY 1003.66
MASZ -1813.84
MASX -2656.49
MASY 1191.16
MASZ -3126.34
MASX -2875.24
MASY 1378.66
MASZ -3376.34
MASX -2250.24
MASY 847.412
MASZ -2220.09
MASX -3406.49
MASY 847.412
MASZ -2157.59
MASX -2843.99
MASY 1597.41
MASZ -1157.59
MASX -2718.99
MASY 2722.41
MASZ -2532.59
MASX -2906.49
MASY 1566.16
MASZ -1595.09
MASX -2687.74
MASY 2472.41
MASZ -2032.59
MASX -2625.24
MASY 1691.16
MASZ -876.343
MASX -2375.24
MASY 503.662
MASZ -1876.34
MASX -3718.99
MASY 784.912
MASZ -1001.34
MASX -2968.99
MASY 2347.41
MASZ -2032.59
MASX -2812.74
MASY 1816.16
MASZ -1751.34
MASX -2875.24
MASY 2034.91
MASZ -595.093
MASX 3718.51
MASY 1316.16
MASZ -2688.84
MASX -1906.49
MASY 441.162
MASZ -2063.84
MASX -3593.99
MASY 2128.66
MASZ -2313.84
MASX 2874.76
MASY 1784.91
MASZ -1813.84
MASX -3500.24
MASY 159.912
MASZ -1563.84
MASX -3250.24
MASY 941.162
MASZ -2813.84
MASX -3125.24
MASY 1441.16
MASZ -1532.59
MASX -3375.24
MASY 534.912
MASZ -2782.59
MASX 3718.51
MASY 1441.16
MASZ -3095.09
MASX -3093.99
MASY 1159.91
MASZ -2845.09
MASX -3187.74
MASY 847.412
MASZ -907.593
MASX -3875.24
MASY 1003.66
MASZ -2470.09
MASX -1843.99
MASY 503.662
MASZ -1188.84
MASX 3624.76
MASY 909.912
MASZ -1563.84
MASX -3156.49
MASY 1066.16
MASZ -2188.84
MASX -2750.24
MASY 2066.16
MASZ -2501.34
MASX -3281.49
MASY 691.162
MASZ -188.843
MASX -3062.74
MASY 1941.16
MASZ -2376.34
MASX -2718.99
MASY 1847.41
MASZ -1657.59
MASX -2656.49
MASY 1878.66
MASZ -2626.34
MASX -2437.74
MASY 1409.91
MASZ -2157.59
MASX -3218.99
MASY 1191.16
MASZ -2688.84
MASX -2875.24
MASY 503.662
MASZ -2970.09
MASX -2531.49
MASY 1597.41
MASZ -1970.09
MASX 3906.01
MASY 2128.66
MASZ -1845.09
MASX -2718.99
MASY 1441.16
MASZ -1751.34
MASX -3531.49
MASY 1472.41
MASZ -2563.84
MASX -2312.74
MASY 1159.91
MASZ -2845.09
MASX -1812.74
MASY 1003.66
MASZ -2220.09
MASX -2937.74
MASY 2722.41
MASZ -1938.84
MASX -2875.24
MASY 1628.66
MASZ -720.093
MASX -3156.49
MASY 753.662
MASZ -2345.09
MASX 3812.26
MASY 1222.41
MASZ -1970.09
MASX -2593.99
MASY 1503.66
MASZ -1032.59
MASX -2812.74
MASY 1378.66
MASZ -1938.84
MASX -2812.74
MASY 2472.41
MASZ 3967.41
MASX -2093.99
MASY 972.412
MASZ -1095.09
MASX -3375.24
MASY 1941.16
MASZ -1813.84
MASX -2812.74
MASY 1409.91
MASZ -2345.09
MASX -3625.24
MASY 2472.41
MASZ -626.343
MASX -2937.74
MASY 1284.91
MASZ -2970.09
MASX -3250.24
MASY 847.412
MASZ -2626.34
MASX -2718.99
MASY 1316.16
MASZ -782.593
MASX -3593.99
MASY 1066.16
MASZ -3095.09
MASX 3437.26
MASY 1597.41
MASZ 3998.66
MASX -2312.74
MASY 66.1621
MASZ -2095.09
MASX -3593.99
MASY 128.662
MASZ -595.093
MASX -3531.49
MASY 659.912
MASZ -3688.84
MASX -2093.99
MASY 2003.66
MASZ -2407.59
MASX -3156.49
MASY 784.912
MASZ -3220.09
MASX -3312.74
MASY 909.912
MASZ -1657.59
MASX 3812.26
MASY 1222.41
MASZ -2782.59
MASX -2687.74
MASY 1066.16
MASZ -3001.34
MASX -2593.99
MASY 722.412
MASZ -3470.09
MASX 3624.76
MASY 534.912
MASZ -3313.84
MASX -2875.24
MASY 347.412
MASZ -2220.09
MASX -2218.99
MASY 1284.91
MASZ -1282.59
MASX 3749.76
MASY 1816.16
MASZ -3438.84
MASX -2375.24
MASY 1753.66
MASZ -3001.34
MASX 3093.51
MASY 2128.66
MASZ -1751.34
MASX -2375.24
MASY 2472.41
MASZ 3779.91
MASX -3562.74
MASY 941.162
MASZ -1782.59
MASX -2562.74
MASY 1503.66
MASZ -3313.84
MASX -3687.74
MASY 1253.66
MASZ -2751.34
MASX -3312.74
MASY 2284.91
MASZ -2563.84
MASX -2875.24
MASY 597.412
MASZ -1095.09
MASX 3843.51
MASY 1534.91
MASZ -2938.84
MASX -3187.87
MASY -527.588
MASZ -2282.59
MASX -3437.74
MASY 2222.41
MASZ -3220.09
MASX -2687.74
MASY 409.912
MASZ -2782.59
MASX -2625.24
MASY 1191.16
MASZ -3376.34
MASX -3093.99
MASY 1816.16
MASZ -2876.34
MASX -2250.24
MASY 1222.41
MASZ -282.593
MASX 3906.01
MASY 909.912
MASZ -2970.09
MASX -2718.99
MASY 1691.16
MASZ -2563.84
MASX -2937.74
MASY 847.412
MASZ -2845.09
MASX -3718.99
MASY 1003.66
MASZ -1313.84
MASX -3093.99
MASY 2285.03
MASZ 61.1572
MASX -3156.49
MASY 1784.91
MASZ -2438.84
MASX -3250.24
MASY 1628.66
MASZ -188.843
MASX -2718.99
MASY 972.412
MASZ -2938.84
MASX -2343.99
MASY 1878.66
MASZ -2907.59
MASX -2656.49
MASY 1284.91
MASZ -3532.59
MASX -2812.74
MASY 1878.66
MASZ -2157.59
MASX -1375.24
MASY 1566.16
MASZ -251.343
MASX -2250.24
MASY 1628.66
MASZ -3438.84
MASX -3687.74
MASY 1284.91
MASZ -2657.59
MASX -3687.74
MASY 472.412
MASZ -2001.34
MASX -3531.49
MASY 816.284
MASZ 436.157
MASX -3218.99
MASY 1034.91
MASZ -970.093
MASX -2593.99
MASY 1472.41
MASZ -188.843
MASX -3281.49
MASY 1534.91
MASZ -3907.59
MASX -3468.99
MASY 2409.91
MASZ -1970.09
MASX -1812.74
MASY 909.912
MASZ -2782.59
MASX -3000.24
MASY 1128.66
MASZ -1751.34
MASX 3937.13
MASY -308.838
MASZ -2970.09
MASX -2531.49
MASY 1378.66
MASZ -3501.34
MASX -3219.12
MASY -371.338
MASZ -1626.34
MASX 3687.26
MASY 316.162
MASZ -3782.59
MASX -3312.74
MASY 1847.41
MASZ -1657.59
MASX -3718.99
MASY 1066.16
MASZ -95.0928
MASX -3968.99
MASY 659.912
MASZ -345.093
MASX -3500.24
MASY 1191.16
MASZ -2313.84
MASX -3000.24
MASY 1659.91
MASZ -1907.59
MASX -3218.99
MASY 1066.16
MASZ -2938.84
MASX -2593.99
MASY 1003.66
MASZ -1845.09
MASX -1968.99
MASY 2378.66
MASZ -1438.84
MASX -3375.24
MASY 472.412
MASZ -2001.34
MASX -3031.49
MASY 3003.66
MASZ -3126.34
MASX -2187.74
MASY 1816.16
MASZ -1470.09
MASX -2062.74
MASY 878.662
MASZ -1126.34
MASX -3406.49
MASY 1128.66
MASZ -2626.34
MASX -2625.24
MASY 1628.66
MASZ -3626.34
MASX -2968.99
MASY 2972.41
MASZ -2407.59
MASX -1812.74
MASY 1534.91
MASZ -1407.59
MASX 3937.26
MASY 1253.66
MASZ -3282.59
MASX -3906.49
MASY 66.1621
MASZ -2501.34
MASX -2406.49
MASY 847.412
MASZ -2376.34
MASX -3781.49
MASY 1972.41
MASZ -2907.59
MASX -3562.74
MASY 1909.91
MASZ 3748.66
MASX -3687.74
MASY 1066.16
MASZ -2220.09
MASX 3312.26
MASY 1441.16
MASZ -1095.09
MASX 3968.51
MASY 2159.91
MASZ 3842.41
MASX -2843.99
MASY 2066.16
MASZ -2907.59
MASX -2937.74
MASY 1347.41
MASZ -657.593
MASX -3000.24
MASY 1378.66
MASZ -3345.09
MASX -3250.24
MASY 1753.66
MASZ -2438.84
MASX 3781.01
MASY 3.66211
MASZ -1970.09
MASX -1593.99
MASY 1128.66
MASZ -2095.09
MASX -3437.74
MASY 1722.41
MASZ -2813.84
MASX -2468.99
MASY 1784.91
MASZ -2657.59
MASX -3250.24
MASY 1222.41
MASZ -1563.84
MASX -2875.24
MASY 909.912
MASZ -2438.84
MASX 3906.01
MASY 816.162
MASZ -3063.84
MASX -3750.24
MASY 753.662
MASZ -1813.84
MASX -3593.99
MASY 2097.41
MASZ -1501.34
MASX -2937.74
MASY 1409.91
MASZ -2032.59
MASX -2187.74
MASY 1347.41
MASZ -1876.34
MASX -3125.24
MASY 847.412
MASZ -2657.59
MASX -3468.99
MASY 1003.66
MASZ -3001.34
MASX -3281.49
MASY 1066.16
MASZ -1470.09
MASX -3406.49
MASY 878.662
MASZ -2751.34
MASX -3031.49
MASY 1378.66
MASZ -1782.59
MASX -3687.74
MASY 2222.41
MASZ -2688.84
MASX 3874.76
MASY 2378.66
MASZ -2001.34
MASX -3593.99
MASY 1503.66
MASZ -1907.59
MASX -3343.99
MASY 1816.16
MASZ -1907.59
MASX -3281.49
MASY 472.412
MASZ -251.343
MASX -2375.24
MASY 972.412
MASZ -1595.09
MASX -2718.99
MASY 2378.66
MASZ -2907.59
MASX -3218.99
MASY 1784.91
MASZ -1813.84
MASX -2312.74
MASY 1409.91
MASZ -1813.84
MASX -2718.99
MASY 2441.16
MASZ -2407.59
MASX -3625.24
MASY 2034.91
MASZ -2626.34
MASX -3281.49
MASY 2316.16
MASZ -3251.34
MASX -1500.24
MASY 1909.91
MASZ -2188.84
MASX -1718.99
MASY 2003.66
MASZ -3782.59
MASX 3843.51
MASY 1628.66
MASZ -2407.59
MASX -1687.74
MASY 2472.41
MASZ -1876.34
MASX -3343.99
MASY 1316.16
MASZ -3313.84
MASX -3406.49
MASY 1284.91
MASZ -1688.84
MASX -1968.99
MASY 2222.41
MASZ -2720.09
MASX -3281.49
MASY 566.162
MASZ -1657.59
MASX -2843.99
MASY 1816.16
MASZ -1751.34
MASX -2937.74
MASY 1972.41
MASZ -1470.09
MASX -2906.49
MASY 2128.66
MASZ -1845.09
MASX -3437.74
MASY 1878.66
MASZ -1063.84
MASX -3687.74
MASY 1003.66
MASZ -1782.59
MASX -2250.24
MASY 628.662
MASZ -2626.34
MASX -2187.74
MASY 503.662
MASZ -1720.09
MASX -2812.74
MASY 1503.66
MASZ -1876.34
MASX -1968.99
MASY 1503.66
MASZ -2220.09
MASX -3343.99
MASY 1253.66
MASZ -3063.84
MASX -2781.49
MASY 1159.91
MASZ -563.843
MASX -2187.74
MASY 1316.16
MASZ -845.093
MASX -3156.49
MASY 597.412
MASZ -2251.34
MASX -2937.74
MASY 316.162
MASZ -3813.84
MASX -2218.99
MASY 409.912
MASZ -1751.34
MASX -2406.49
MASY 1222.41
MASZ -1595.09
MASX -2750.24
MASY 691.162
MASZ -2438.84
MASX -3875.24
MASY 972.412
MASZ -2282.59
MASX -3000.24
MASY 1534.91
MASZ 3779.91
MASX -2937.74
MASY 1003.66
MASZ -1626.34
MASX -3250.24
MASY 2316.16
MASZ -2782.59
MASX -3812.74
MASY 1753.66
MASZ -2501.34
MASX -3656.49
MASY 1722.53
MASZ 342.407
MASX -3156.49
MASY 534.912
MASZ -2907.59
MASX -1906.49
MASY 1347.41
MASZ 3686.16
MASX -3468.99
MASY 1534.91
MASZ -3220.09
MASX -2750.24
MASY 1191.16
MASZ -3220.09
MASX -2656.49
MASY 1566.16
MASZ -1595.09
MASX -2718.99
MASY 691.162
MASZ -1688.84
MASX -3562.74
MASY 1441.16
MASZ 3123.66
MASX -3219.12
MASY -152.588
MASZ -1220.09
MASX -3218.99
MASY 909.912
MASZ -2845.09
MASX -2375.24
MASY 1847.41
MASZ -1876.34
MASX -3781.49
MASY 1472.41
MASZ -1220.09
MASX -3343.99
MASY 2534.91
MASZ -3095.09
MASX 3937.26
MASY 753.662
MASZ -3407.59
MASX -1625.24
MASY 1909.91
MASZ -2470.09
MASX -2875.24
MASY 847.412
MASZ -1845.09
MASX -2468.99
MASY 784.912
MASZ -2845.09
MASX -3781.49
MASY 816.162
MASZ -1595.09
MASX -3312.74
MASY 1347.41
MASZ -1720.09
MASX -3781.49
MASY 1191.16
MASZ -282.593
MASX -2937.74
MASY 441.162
MASZ -3407.59
MASX -2406.49
MASY 1878.66
MASZ -3063.84
MASX -3031.49
MASY 503.662
MASZ -2282.59
MASX -3625.24
MASY 972.412
MASZ -2563.84
MASX -3406.49
MASY 1253.66
MASZ -3157.59
MASX -2812.74
MASY 1816.28
MASZ 248.657
MASX -2593.99
MASY 1066.16
MASZ -3407.59
MASX -3062.74
MASY 1784.91
MASZ -2532.59
MASX -2656.49
MASY 1472.41
MASZ -782.593
MASX -3062.74
MASY 1003.66
MASZ -2001.34
MASX -3562.74
MASY 597.412
MASZ -3157.59
MASX -2156.49
MASY 2378.66
MASZ -3907.59
MASX 3843.51
MASY 1534.91
MASZ -2345.09
MASX -3031.49
MASY 1191.16
MASZ -1845.09
MASX -3531.49
MASY 1628.66
MASZ -2313.84
MASX -3906.49
MASY 1909.91
MASZ -876.343
MASX -2593.99
MASY 1972.41
MASZ -1095.09
MASX -3625.24
MASY 659.912
MASZ -3657.59
MASX -3406.49
MASY 1034.91
MASZ -2813.84
MASX -2937.74
MASY 878.662
MASZ -438.843
MASX -3437.74
MASY 441.162
MASZ -2032.59
MASX 2687.26
MASY 1566.16
MASZ -2845.09
MASX -3218.99
MASY 1253.66
MASZ -2032.59
MASX -2031.49
MASY 1597.41
MASZ -3688.84
MASX -3406.49
MASY 1503.66
MASZ -2251.34
MASX 3749.76
MASY 1316.16
MASZ -1938.84
MASX -3093.99
MASY 253.662
MASZ -2720.09
MASX -2718.99
MASY 1347.41
MASZ -2407.59
MASX -3312.74
MASY 1472.41
MASZ -2157.59
MASX -2625.24
MASY 816.162
MASZ -1720.09
MASX -3625.24
MASY 1659.91
MASZ -2376.34
MASX 3937.26
MASY 1472.41
MASZ -1345.09
MASX -3281.49
MASY 1566.16
MASZ -1313.84
MASX -1562.74
MASY 1472.41
MASZ -2845.09
MASX -3500.24
MASY 722.412
MASZ -3407.59
MASX -2937.74
MASY 1628.66
MASZ -2063.84
MASX -1562.74
MASY 378.662
MASZ -2907.59
MASX -2031.49
MASY 1566.16
MASZ -657.593
MASX -3093.99
MASY 1097.41
MASZ -2251.34
MASX -3156.49
MASY 2066.16
MASZ -2845.09
MASX -2843.99
MASY 1691.16
MASZ -970.093
MASX -2062.74
MASY 1097.41
MASZ -1063.84
MASX 3999.76
MASY 2003.66
MASZ -3032.59
MASX -1937.74
MASY 1347.41
MASZ -1095.09
MASX -3718.99
MASY 2628.66
MASZ -876.343
MASX -3343.99
MASY 2347.41
MASZ -907.593
MASX -2968.99
MASY 1253.66
MASZ -1032.59
MASX -3562.74
MASY 1284.91
MASZ -3157.59
MASX -3718.99
MASY 1253.66
MASZ -3001.34
MASX 3968.51
MASY 1222.41
MASZ -2157.59
MASX -3281.49
MASY 1159.91
MASZ -3345.09
MASX -3125.24
MASY 1753.66
MASZ -1095.09
MASX -2343.99
MASY 2472.41
MASZ -2876.34
MASX -2562.74
MASY 284.912
MASZ -2938.84
MASX -3656.49
MASY 2034.91
MASZ -2126.34
MASX -2125.24
MASY 1503.66
MASZ 3998.66
MASX -3500.24
MASY 972.412
MASZ -438.843
MASX -2750.24
MASY 1003.66
MASZ -345.093
MASX -2593.99
MASY 1409.91
MASZ -1470.09
MASX -3437.74
MASY 1159.91
MASZ -1407.59
MASX -2750.24
MASY 2034.91
MASZ -2626.34
MASX -3312.74
MASY 1378.66
MASZ -3032.59
MASX -2031.49
MASY 2003.66
MASZ -2345.09
MASX -3468.99
MASY 1659.91
MASZ -2657.59
MASX -2625.24
MASY 1316.16
MASZ -1001.34
MASX -3718.99
MASY 2784.91
MASZ -3438.84
MASX -2125.24
MASY 753.662
MASZ -2438.84
MASX -3062.74
MASY 1503.66
MASZ -3845.09
MASX -2656.49
MASY 1066.16
MASZ -3470.09
MASX -2812.74
MASY 784.912
MASZ 3717.41
MASX -2531.49
MASY 2909.91
MASZ -2376.34
MASX -3468.99
MASY 1316.16
MASZ -1438.84
MASX -2718.99
MASY 1472.41
MASZ -1563.84
MASX -2781.49
MASY 1628.66
MASZ -63.8428
MASX -3218.99
MASY 2284.91
MASZ -376.343
MASX -3000.24
MASY 97.4121
MASZ -3938.84
MASX -2375.37
MASY -621.338
MASZ -3188.84
MASX -2687.74
MASY 1284.91
MASZ -3345.09
MASX -2718.99
MASY 1191.16
MASZ -2907.59
MASX -2968.99
MASY 972.412
MASZ -1188.84
MASX -2656.49
MASY 128.662
MASZ -3282.59
MASX -2062.74
MASY 1284.91
MASZ -1470.09
MASX -1937.74
MASY 472.412
MASZ -1470.09
MASX -2250.24
MASY 1847.41
MASZ -2157.59
MASX -2937.74
MASY 941.162
MASZ -1313.84
MASX -3218.99
MASY 316.162
MASZ -2813.84
MASX -3593.99
MASY 847.412
MASZ -3126.34
MASX -2312.74
MASY 816.162
MASZ -1907.59
MASX -2875.24
MASY 972.412
MASZ -2845.09
MASX -3250.24
MASY 1597.41
MASZ -3532.59
MASX -3562.74
MASY 722.412
MASZ -907.593
MASX -3281.49
MASY 1222.41
MASZ -3313.84
MASX 3156.01
MASY 1316.16
MASZ -2907.59
MASX -2906.49
MASY 1347.41
MASZ -3282.59
MASX -3281.49
MASY 1284.91
MASZ -3595.09
MASX -3781.49
MASY 1316.16
MASZ -845.093
MASX -3968.99
MASY 1284.91
MASZ -2470.09
MASX -3343.99
MASY 816.162
MASZ -3470.09
MASX 3781.01
MASY 1159.91
MASZ -1470.09
MASX -3062.74
MASY 1753.66
MASZ -1220.09
MASX -2562.74
MASY 1034.91
MASZ -3126.34
MASX -3437.74
MASY 1034.91
MASZ -2907.59
MASX -2531.49
MASY 816.162
MASZ 3842.41
MASX -2750.24
MASY 847.412
MASZ -2001.34
MASX -2343.99
MASY 1878.66
MASZ -1220.09
MASX -3718.99
MASY 2316.16
MASZ -2813.84
MASX -2468.99
MASY 1597.41
MASZ -2126.34
MASX 3781.01
MASY 1753.66
MASZ -2563.84
MASX -2500.24
MASY 2347.41
MASZ -1376.34
MASX -1781.49
MASY 1784.91
MASZ -2188.84
MASX -2406.49
MASY 1566.16
MASZ -1782.59
MASX -3343.99
MASY 2191.16
MASZ -2032.59
MASX 3999.76
MASY 378.662
MASZ -3376.34
MASX -2906.49
MASY 628.662
MASZ -2532.59
MASX -2656.49
MASY 2534.91
MASZ -3376.34
MASX -3437.74
MASY 472.412
MASZ -2220.09
MASX -2937.74
MASY 1284.91
MASZ -3657.59
MASX -3281.49
MASY 2003.66
MASZ -3876.34
MASX -3500.24
MASY 2316.16
MASZ -1657.59
MASX -1968.99
MASY 1222.41
MASZ -2157.59
MASX -3250.24
MASY 1253.66
MASZ -1970.09
MASX -3718.99
MASY 1597.41
MASZ -2907.59
MASX -2781.49
MASY 1253.66
MASZ -1188.84
MASX -3125.24
MASY 1534.91
MASZ -1188.84
MASX -2281.49
MASY 1659.91
MASZ -3626.34
MASX -3468.99
MASY 566.162
MASZ -688.843
MASX -3625.24
MASY 1284.91
MASZ -1032.59
MASX -3781.49
MASY 2097.41
MASZ -3313.84
MASX 3718.51
MASY 1972.41
MASZ -3126.34
MASX 3906.01
MASY 1316.16
MASZ -1907.59
MASX -2437.74
MASY 1503.66
MASZ 3592.41
MASX -2937.74
MASY 2253.66
MASZ -1626.34
MASX -2968.99
MASY 1191.16
MASZ -1532.59
MASX -2750.24
MASY 534.912
MASZ -1876.34
MASX -3250.24
MASY 503.662
MASZ -1532.59
MASX -3125.24
MASY 2253.66
MASZ -2751.34
MASX -3156.49
MASY 1409.91
MASZ -2376.34
MASX -3218.99
MASY 1628.66
MASZ -2126.34
MASX -3843.99
MASY 784.912
MASZ -1501.34
MASX -3250.24
MASY 1097.41
MASZ -3782.59
MASX -3375.24
MASY 691.162
MASZ -2845.09
MASX -3531.49
MASY 1816.16
MASZ -2970.09
MASX -2562.74
MASY 2253.66
MASZ -2001.34
MASX -1812.74
MASY 1722.41
MASZ -2595.09
MASX -2812.74
MASY 784.912
MASZ -1313.84
MASX -3656.49
MASY 253.662
MASZ -1501.34
MASX -2468.99
MASY 1378.66
MASZ -1501.34
MASX -2343.99
MASY 1284.91
MASZ -3282.59
MASX -2875.24
MASY 1409.91
MASZ -1907.59
MASX -3375.24
MASY 1722.41
MASZ -1532.59
MASX -2437.74
MASY 972.412
MASZ -1876.34
MASX 3999.76
MASY 1847.41
MASZ -3626.34
MASX -3375.24
MASY 1597.41
MASZ 3529.91
MASX 3656.01
MASY 847.412
MASZ -876.343
MASX -3968.99
MASY 2441.16
MASZ -1282.59
MASX -3000.24
MASY 1066.16
MASZ 3842.41
MASX -2562.74
MASY 2191.16
MASZ -2345.09
MASX 3718.51
MASY 191.162
MASZ -688.843
MASX -3906.49
MASY 941.162
MASZ -1970.09
MASX -3750.24
MASY 1628.66
MASZ -2845.09
MASX -3125.24
MASY 1441.16
MASZ 3436.16
MASX -3000.24
MASY 2941.16
MASZ -2063.84
MASX -2968.99
MASY 909.912
MASZ -3907.59
MASX -2437.74
MASY 1878.66
MASZ -2751.34
MASX -3000.24
MASY 2003.66
MASZ -3845.09
MASX -2750.24
MASY 1659.91
MASZ -2220.09
MASX -1937.74
MASY 2316.16
MASZ -2282.59
MASX 3968.51
MASY 1534.91
MASZ -3876.34
MASX -1156.49
MASY 66.1621
MASZ -2470.09
MASX -3187.74
MASY 597.412
MASZ -2251.34
MASX -1968.99
MASY 1847.41
MASZ -2407.59
MASX -3031.49
MASY 1816.16
MASZ -1501.34
MASX -3937.74
MASY 1534.91
MASZ -1657.59
MASX -3187.74
MASY 253.662
MASZ -2001.34
MASX -2812.74
MASY 1066.16
MASZ -1345.09
MASX -3218.99
MASY 753.662
MASZ 3811.16
MASX -3562.74
MASY 1191.16
MASZ -2470.09
MASX -3281.49
MASY 909.912
MASZ 3623.66
MASX -2281.49
MASY 1566.16
MASZ -3845.09
MASX -3000.24
MASY 1159.91
MASZ -1970.09
MASX -3750.24
MASY 1472.41
MASZ -1813.84
MASX 3812.26
MASY 1441.16
MASZ -2032.59
MASX 3687.26
MASY 1034.91
MASZ -1782.59
MASX -3250.24
MASY 1847.41
MASZ -2470.09
MASX -1625.24
MASY 753.662
MASZ -720.093
MASX -3843.99
MASY 847.412
MASZ -1220.09
MASX 3562.26
MASY 1503.66
MASZ -2938.84
MASX -3781.49
MASY 97.4121
MASZ -2095.09
MASX -2218.99
MASY 1691.16
MASZ -2626.34
MASX -1875.24
MASY 441.162
MASZ -3626.34
MASX -3343.99
MASY 972.412
MASZ -1282.59
MASX -2500.24
MASY 722.412
MASZ -2688.84
MASX -3281.49
MASY 1003.66
MASZ -3782.59
MASX -3437.74
MASY 472.412
MASZ -3063.84
MASX -2906.49
MASY 1722.41
MASZ -1282.59
MASX -3343.99
MASY 1284.91
MASZ -2938.84
MASX -2156.49
MASY 1159.91
MASZ -2720.09
MASX -2875.24
MASY 1784.91
MASZ -2813.84
MASX -3062.74
MASY 1566.16
MASZ -1470.09
MASX -2750.24
MASY 2316.16
MASZ -2720.09
MASX -3468.99
MASY 972.412
MASZ -2907.59
MASX -3687.74
MASY 597.412
MASZ -2282.59
MASX -2906.49
MASY 1284.91
MASZ -1470.09
MASX -3562.74
MASY 1159.91
MASZ -2720.09
MASX -3437.74
MASY 409.912
MASZ -1813.84
MASX -3312.74
MASY 128.662
MASZ -2532.59
MASX -1937.74
MASY 1253.66
MASZ -1501.34
MASX -2625.24
MASY 534.912
MASZ -1657.59
MASX -3781.49
MASY 1191.16
MASZ -1032.59
MASX -1750.24
MASY 1628.66
MASZ -1813.84
MASX -3937.74
MASY 2316.16
MASZ -3813.84
MASX -3156.49
MASY 659.912
MASZ -2720.09
MASX -3343.99
MASY 472.412
MASZ -3438.84
MASX -2437.74
MASY 503.662
MASZ -1032.59
MASX -3375.24
MASY 1691.16
MASZ -1157.59
MASX -3093.99
MASY 2191.16
MASZ -2032.59
MASX -3000.24
MASY 1503.66
MASZ -3688.84
MASX -3406.49
MASY 1472.41
MASZ -2345.09
MASX -3625.24
MASY 1753.66
MASZ -2220.09
MASX -2468.99
MASY 316.162
MASZ -1001.34
MASX -2375.24
MASY 1409.91
MASZ -3063.84
MASX -3187.74
MASY 1566.16
MASZ -907.593
MASX -2312.74
MASY 597.412
MASZ -3032.59
MASX -2375.24
MASY 1659.91
MASZ 3904.91
MASX -2500.24
MASY 2034.91
MASZ -2782.59
MASX -2718.99
MASY 1097.41
MASZ -1782.59
MASX -1937.74
MASY 1784.91
MASZ 2373.66
MASX -2281.49
MASY 1691.16
MASZ -1751.34
MASX -3281.49
MASY 472.412
MASZ -2782.59
MASX -2468.99
MASY 2409.91
MASZ -3782.59
MASX 3468.51
MASY 1691.16
MASZ -2376.34
MASX -3562.74
MASY 378.662
MASZ -2876.34
MASX -1843.99
MASY 34.9121
MASZ -2251.34
MASX -1687.74
MASY 784.912
MASZ -813.843
MASX -3375.24
MASY 316.162
MASZ -3032.59
MASX 3437.26
MASY 597.412
MASZ -1751.34
MASX -3156.49
MASY 222.412
MASZ -3095.09
MASX -2687.87
MASY -402.588
MASZ -2782.59
MASX 3874.76
MASY 847.412
MASZ -1595.09
MASX 3312.26
MASY 847.412
MASZ 3904.91
MASX -3593.99
MASY 1441.16
MASZ -3063.84
MASX -3187.74
MASY 2222.41
MASZ -2188.84
MASX -3343.99
MASY 722.412
MASZ -1876.34
MASX -1937.74
MASY 1722.41
MASZ -3688.84
MASX -2843.99
MASY 941.162
MASZ 3467.41
MASX -2875.24
MASY 909.912
MASZ -3688.84
MASX -2562.74
MASY 1347.41
MASZ -501.343
MASX -3093.99
MASY 2128.66
MASZ -595.093
MASX -3031.49
MASY 1378.66
MASZ -782.593
MASX -3687.74
MASY 2847.41
MASZ -3282.59
MASX -2468.99
MASY 1878.66
MASZ -3470.09
MASX -3812.74
MASY 1472.41
MASZ -3532.59
MASX -2812.74
MASY 1191.16
MASZ -2095.09
MASX -2281.49
MASY 1441.16
MASZ -3251.34
MASX -2312.74
MASY 784.912
MASZ -2001.34
MASX -1843.99
MASY 1753.66
MASZ -1438.84
MASX -3156.49
MASY 66.1621
MASZ -3345.09
MASX -3250.24
MASY 1066.16
MASZ -3563.84
MASX -2843.99
MASY 1909.91
MASZ 3373.66
MASX -3968.99
MASY 1347.41
MASZ -1688.84
MASX 3937.26
MASY 1597.41
MASZ -1345.09
MASX 3343.51
MASY 1191.16
MASZ -2782.59
MASX -3250.24
MASY 1878.66
MASZ -2188.84
MASX -3250.24
MASY 2097.41
MASZ 3779.91
MASX -2968.99
MASY 2066.16
MASZ -1595.09
MASX -2906.49
MASY 972.412
MASZ -2470.09
MASX -3343.99
MASY 1909.91
MASZ -2813.84
MASX -2843.99
MASY 2222.41
MASZ -1876.34
MASX -3437.74
MASY 597.412
MASZ -2970.09
MASX -3250.24
MASY 1066.16
MASZ -1720.09
MASX -1968.99
MASY 1409.91
MASZ -3063.84
MASX -2218.99
MASY 1066.16
MASZ -3251.34
MASX 3593.51
MASY 1409.91
MASZ -1251.34
MASX -3156.49
MASY 284.912
MASZ -1313.84
MASX -3437.74
MASY 1159.91
MASZ -1313.84
MASX -3093.99
MASY 909.912
MASZ -3720.09
MASX -500.244
MASY 566.162
MASZ -3751.34
MASX -1281.49
MASY 1784.91
MASZ -3751.34
MASX -3718.99
MASY 1128.66
MASZ -1095.09
MASX 3656.01
MASY 1222.41
MASZ -1688.84
MASX 3374.76
MASY 2284.91
MASZ -970.093
MASX -3437.74
MASY 1191.16
MASZ -1970.09
MASX -2375.24
MASY 1784.91
MASZ 3186.16
MASX -2000.24
MASY 1566.16
MASZ -3595.09
MASX -3750.24
MASY 1628.66
MASZ -1720.09
MASX 2281.01
MASY 909.912
MASZ -1001.34
MASX 2812.26
MASY 1659.91
MASZ -2001.34
MASX -3656.62
MASY -27.5879
MASZ -657.593
MASX -2312.74
MASY 284.912
MASZ 3686.16
MASX -1406.62
MASY -90.0879
MASZ -3532.59
MASX -875.244
MASY 1222.41
MASZ 3654.91
MASX -2968.99
MASY 316.162
MASZ -688.843
MASX 3124.76
MASY 2597.41
MASZ -2126.34
MASX -3781.49
MASY 1628.66
MASZ -2532.59
MASX -2093.99
MASY 2222.41
MASZ -2845.09
MASX -1000.24
MASY 1628.66
MASZ -3470.09
MASX -2875.24
MASY 2441.16
MASZ -2063.84
MASX -3937.74
MASY 2253.66
MASZ -1626.34
MASX 3218.51
MASY 3.66211
MASZ -1751.34
MASX -3468.99
MASY 284.912
MASZ -2282.59
MASX -3468.99
MASY 1003.66
MASZ -2688.84
MASX -2125.37
MASY -27.5879
MASZ -3907.59
MASX -1156.49
MASY 2066.16
MASZ -3126.34
MASX 3312.13
MASY -215.088
MASZ -657.593
MASX -3750.24
MASY 1628.66
MASZ -2688.84
MASX -3468.99
MASY 659.912
MASZ -1001.34
MASX 3812.26
MASY 1191.16
MASZ -1688.84
MASX 2531.01
MASY 1941.16
MASZ -2438.84
MASX -3468.99
MASY 1816.16
MASZ -3907.59
MASX -62.7441
MASY 2097.41
MASZ -1970.09
MASX -2500.24
MASY 1534.91
MASZ -3376.34
MASX -3250.24
MASY 1878.66
MASZ -1126.34
MASX 2687.26
MASY 2941.16
MASZ -407.593
MASX -3281.49
MASY 1909.91
MASZ -1813.84
MASX -1781.49
MASY 2003.66
MASZ -2970.09
MASX -687.744
MASY 1691.16
MASZ -3688.84
MASX -2125.24
MASY 1534.91
MASZ -3595.09
MASX -3968.99
MASY 1378.66
MASZ -3126.34
MASX 3718.51
MASY 503.662
MASZ -220.093
MASX -2031.49
MASY 1722.41
MASZ -1563.84
MASX -2687.74
MASY 753.662
MASZ -3095.09
MASX -937.744
MASY 972.412
MASZ 3998.66
MASX -1843.99
MASY 378.662
MASZ -1032.59
MASX -3468.99
MASY 816.162
MASZ -1876.34
MASX -3062.74
MASY 1097.41
MASZ -2970.09
MASX -2218.99
MASY 1378.66
MASZ -2438.84
MASX -2937.74
MASY 1816.16
MASZ -3220.09
MASX -2718.99
MASY 347.412
MASZ 3686.16
MASX -2906.49
MASY 128.662
MASZ -3157.59
MASX -2468.99
MASY 972.412
MASZ -220.093
MASX -3500.24
MASY 1253.66
MASZ -2345.09
MASX -3250.24
MASY 784.912
MASZ -1657.59
MASX -3437.74
MASY 1316.16
MASZ 3467.41
MASX 3656.01
MASY 1472.41
MASZ -3907.59
MASX 3812.26
MASY 2472.41
MASZ -1188.84
MASX -3062.74
MASY 1441.16
MASZ -3720.09
MASX -3375.24
MASY 1534.91
MASZ -3126.34
MASX -3406.49
MASY 722.412
MASZ -2626.34
MASX -3781.49
MASY 753.662
MASZ -938.843
MASX -3781.49
MASY 1534.91
MASZ -1407.59
MASX -2312.74
MASY 753.662
MASZ -1376.34
MASX -1343.99
MASY 1191.16
MASZ -1813.84
MASX -3718.99
MASY 191.162
MASZ -1813.84
MASX -3593.99
MASY 1472.41
MASZ 3123.66
MASX -3406.49
MASY 1316.16
MASZ -1751.34
MASX -2250.24
MASY 1128.66
MASZ -1376.34
MASX -2250.24
MASY 1284.91
MASZ -2345.09
MASX -3500.24
MASY 1878.66
MASZ -1688.84
MASX -1937.74
MASY 1534.91
MASZ -3938.84
MASX -1406.49
MASY 722.412
MASZ -2407.59
MASX -3343.99
MASY 2972.41
MASZ -1626.34
MASX -3906.49
MASY 909.912
MASZ -1595.09
MASX 3437.26
MASY 1534.91
MASZ -3345.09
MASX -1406.49
MASY 1659.91
MASZ -1688.84
MASX -2156.49
MASY 1909.91
MASZ -2126.34
MASX -2437.74
MASY 1847.41
MASZ -2220.09
MASX -3093.99
MASY 1191.16
MASZ -1907.59
MASX -3281.49
MASY 534.912
MASZ -2188.84
MASX -2593.99
MASY 1597.41
MASZ -720.093
MASX -3062.74
MASY 2691.16
MASZ -1876.34
MASX -2437.74
MASY 816.162
MASZ -3907.59
MASX -3156.49
MASY 1659.91
MASZ -1313.84
MASX -2562.74
MASY 1972.41
MASZ -1688.84
MASX -3937.74
MASY 1972.41
MASZ -1345.09
MASX -2656.49
MASY 1722.41
MASZ -2376.34
MASX 3624.76
MASY 1597.41
MASZ -2345.09
MASX -3343.99
MASY 1784.91
MASZ -1876.34
MASX -3937.74
MASY 1534.91
MASZ -2282.59
MASX -2562.74
MASY 1722.41
MASZ -3563.84
MASX -3687.74
MASY 1472.41
MASZ -2001.34
MASX -2343.99
MASY 847.412
MASZ -3376.34
MASX -2781.49
MASY 847.412
MASZ -2938.84
MASX -2093.99
MASY 2003.66
MASZ -3063.84
MASX -2093.99
MASY 722.412
MASZ -2563.84
MASX -1718.99
MASY 1222.41
MASZ -3595.09
MASX 3343.51
MASY 441.162
MASZ -1501.34
MASX -3750.24
MASY 847.412
MASZ -3001.34
MASX -2437.74
MASY 1816.16
MASZ -2282.59
MASX -3312.74
MASY 2503.66
MASZ -251.343
MASX -2718.99
MASY 2597.41
MASZ -3220.09
MASX -2906.49
MASY 1378.66
MASZ -2938.84
MASX -3000.24
MASY 1003.66
MASZ -2751.34
MASX -3312.74
MASY 1378.66
MASZ -1657.59
MASX -3781.49
MASY 847.412
MASZ -1970.09
MASX -3312.74
MASY 722.412
MASZ -2813.84
MASX -2843.99
MASY 1878.78
MASZ 1029.91
MASX -3156.49
MASY 1034.91
MASZ -1376.34
MASX -2187.74
MASY 534.912
MASZ -2501.34
MASX -2906.49
MASY 1097.41
MASZ -3751.34
MASX -3312.74
MASY 1566.16
MASZ 3967.41
MASX -2937.74
MASY 878.662
MASZ -2845.09
MASX -3437.74
MASY 1534.91
MASZ -938.843
MASX -2343.99
MASY 1034.91
MASZ -3063.84
MASX -2187.74
MASY 909.912
MASZ -1251.34
MASX -2812.74
MASY 1409.91
MASZ -470.093
MASX -3093.99
MASY 972.412
MASZ -626.343
MASX -2843.99
MASY 1409.91
MASZ -2438.84
MASX -2843.99
MASY 2378.66
MASZ -1157.59
MASX -3531.49
MASY 316.162
MASZ -3095.09
MASX -2562.74
MASY 1722.41
MASZ -1438.84
MASX -2875.24
MASY 1534.91
MASZ -2907.59
MASX -3656.49
MASY 2378.66
MASZ -2813.84
MASX -3156.49
MASY 1409.91
MASZ -2126.34
MASX -3718.99
MASY 1284.91
MASZ -688.843
MASX -3718.99
MASY 597.412
MASZ -2657.59
MASX -3718.99
MASY 1191.16
MASZ -2813.84
MASX -3406.49
MASY 1159.91
MASZ -3032.59
MASX -3343.99
MASY 628.662
MASZ -1407.59
MASX -3562.74
MASY 941.162
MASZ -3563.84
MASX -3125.24
MASY 2159.91
MASZ 3717.41
MASX -3437.87
MASY -90.0879
MASZ -720.093
MASX 3437.26
MASY 1316.16
MASZ -1157.59
MASX -3468.99
MASY 1784.91
MASZ -1251.34
MASX -3343.99
MASY 628.662
MASZ -1251.34
MASX -2375.24
MASY 628.662
MASZ -2407.59
MASX -2750.24
MASY 1034.91
MASZ -2001.34
MASX -3468.99
MASY 941.162
MASZ -3938.84
MASX -2812.74
MASY 1253.66
MASZ -3001.34
MASX -2062.74
MASY 2597.41
MASZ -2251.34
MASX -2031.49
MASY 753.662
MASZ -3032.59
MASX -3187.74
MASY 1097.41
MASZ -188.843
MASX -2375.24
MASY 847.412
MASZ -563.843
MASX -1875.24
MASY 1284.91
MASZ -1657.59
MASX -2750.24
MASY 1409.91
MASZ -3001.34
MASX -1968.99
MASY 3.66211
MASZ -532.593
MASX -2031.49
MASY 2128.66
MASZ -2470.09
MASX -2531.49
MASY 972.412
MASZ -2688.84
MASX -3625.24
MASY 1347.41
MASZ -1626.34
MASX -2781.49
MASY 1253.66
MASZ -2876.34
MASX -3187.74
MASY 1503.66
MASZ -2438.84
MASX -3062.74
MASY 847.412
MASZ -1782.59
MASX -2812.74
MASY 1659.91
MASZ -251.343
MASX -2312.74
MASY 878.662
MASZ -1845.09
MASX -2218.99
MASY 2034.91
MASZ -1376.34
MASX -3656.49
MASY 1409.91
MASZ -1470.09
MASX -1968.99
MASY 597.412
MASZ -2282.59
MASX -2906.49
MASY 847.412
MASZ -3845.09
MASX 3999.76
MASY 1597.41
MASZ -2595.09
MASX -3625.24
MASY 1316.16
MASZ -2720.09
MASX -2656.49
MASY 1816.16
MASZ -1720.09
MASX -2281.49
MASY 284.912
MASZ -1720.09
MASX -3000.24
MASY 1128.66
MASZ -1095.09
MASX -2187.74
MASY 691.162
MASZ -3032.59
MASX -2781.49
MASY 1659.91
MASZ -2657.59
MASX -3406.49
MASY 3347.41
MASZ -782.593
MASX -3812.74
MASY 2253.66
MASZ -1376.34
MASX -1281.49
MASY 1128.66
MASZ -1751.34
MASX -2718.99
MASY 1503.66
MASZ -2188.84
MASX -2656.49
MASY 1191.16
MASZ -2657.59
MASX -3843.99
MASY 1691.16
MASZ -970.093
MASX -3375.24
MASY 1409.91
MASZ -1032.59
MASX -2531.49
MASY 1941.16
MASZ -1157.59
MASX -1750.24
MASY 503.662
MASZ -2626.34
MASX -3031.49
MASY 1066.16
MASZ -3626.34
MASX -2718.99
MASY 1941.16
MASZ -1220.09
MASX -3312.74
MASY 1753.66
MASZ -2720.09
MASX -3125.24
MASY 1284.91
MASZ -1220.09
MASX -3156.49
MASY 441.162
MASZ -2345.09
MASX -2906.49
MASY 34.9121
MASZ -3876.34
MASX -3562.74
MASY 1534.91
MASZ -1782.59
MASX -3062.74
MASY 909.912
MASZ 3936.16
MASX -3000.24
MASY 1972.41
MASZ 3186.16
MASX -2375.24
MASY 1472.41
MASZ -3157.59
MASX -2906.49
MASY 378.662
MASZ -3282.59
MASX -2406.49
MASY 1753.66
MASZ -1470.09
MASX -3062.74
MASY 1566.16
MASZ -438.843
MASX -3656.49
MASY 1534.91
MASZ -2220.09
MASX 3749.76
MASY 566.162
MASZ -1251.34
MASX -2687.74
MASY 1222.41
MASZ -2407.59
MASX -2343.99
MASY 1597.41
MASZ -2782.59
MASX -3625.24
MASY 1003.66
MASZ -1595.09
MASX -1468.99
MASY 1722.41
MASZ -2595.09
MASX -2968.99
MASY 691.162
MASZ -595.093
MASX -2812.74
MASY 1378.66
MASZ -2470.09
MASX 3749.76
MASY 534.912
MASZ 3373.66
MASX -3125.24
MASY 1316.16
MASZ -1876.34
MASX -2656.49
MASY 1128.66
MASZ -1282.59
MASX -2843.99
MASY 2534.91
MASZ -2313.84
MASX 3812.26
MASY 1628.66
MASZ -1095.09
MASX -3343.99
MASY 1441.16
MASZ -2626.34
MASX 3968.51
MASY 2722.41
MASZ -2188.84
MASX -3281.49
MASY 1941.16
MASZ -1907.59
MASX -3562.74
MASY 659.912
MASZ -2157.59
MASX -3687.74
MASY 628.662
MASZ -1845.09
MASX -2843.99
MASY 2159.91
MASZ -2188.84
MASX -2625.24
MASY 409.912
MASZ -3751.34
MASX -2156.49
MASY 1628.66
MASZ -2188.84
MASX -2187.74
MASY 1097.41
MASZ -2563.84
MASX -3500.24
MASY 1222.41
MASZ -1688.84
MASX -2906.49
MASY 909.912
MASZ -1282.59
MASX -2406.49
MASY 1691.16
MASZ -2251.34
MASX -3843.99
MASY 941.162
MASZ -2470.09
MASX 3374.76
MASY 1066.16
MASZ -2626.34
MASX -2500.24
MASY 816.162
MASZ -3876.34
MASX -3968.99
MASY 1316.16
MASZ -2501.34
MASX -3062.74
MASY 34.9121
MASZ -3563.84
MASX -3593.99
MASY 1472.41
MASZ -3126.34
MASX -2593.99
MASY 659.912
MASZ -2188.84
MASX -2531.49
MASY 191.162
MASZ -3626.34
MASX -3156.49
MASY 909.912
MASZ -3188.84
MASX -3125.24
MASY 1097.41
MASZ -2688.84
MASX -3812.74
MASY 1159.91
MASZ 3967.41
MASX -2625.24
MASY 1941.16
MASZ -2813.84
MASX -1968.99
MASY 1503.66
MASZ -2970.09
MASX -3062.74
MASY 722.412
MASZ -2907.59
MASX -1562.74
MASY 2316.16
MASZ -2470.09
MASX -3906.49
MASY 784.912
MASZ -3251.34
MASX -2781.49
MASY 1441.16
MASZ -2626.34
MASX -2156.49
MASY 816.162
MASZ -3438.84
MASX -2656.49
MASY 2753.66
MASZ -3063.84
MASX -3125.24
MASY 1909.91
MASZ -2782.59
MASX -3593.99
MASY 1347.41
MASZ -2688.84
MASX -2312.74
MASY 1284.91
MASZ -1438.84
MASX -3375.24
MASY 941.162
MASZ -1532.59
MASX -1375.37
MASY -58.8379
MASZ 3998.66
MASX -3312.74
MASY 1003.66
MASZ -1126.34
MASX -3375.24
MASY 1691.16
MASZ -2313.84
MASX -2968.99
MASY 1191.16
MASZ -313.843
MASX -3531.49
MASY 1191.16
MASZ -3501.34
MASX -3187.74
MASY 1441.16
MASZ -2970.09
MASX -2812.74
MASY 1534.91
MASZ -2032.59
MASX -2281.49
MASY 1816.16
MASZ -2876.34
MASX -2125.24
MASY 1097.41
MASZ -3501.34
MASX -3343.99
MASY 1034.91
MASZ 3842.41
MASX -3531.49
MASY 1441.16
MASZ -2282.59
MASX -2750.24
MASY 2316.16
MASZ -2532.59
MASX -3218.99
MASY 1941.16
MASZ -2501.34
MASX -2281.62
MASY -308.838
MASZ -1220.09
MASX -2750.24
MASY 1284.91
MASZ -2563.84
MASX -2906.49
MASY 2378.66
MASZ -2095.09
MASX -2718.99
MASY 722.412
MASZ -1876.34
MASX -3250.24
MASY 1284.91
MASZ -3220.09
MASX -2500.24
MASY 691.162
MASZ -2720.09
MASX -3000.24
MASY 1597.41
MASZ -1563.84
MASX -3312.74
MASY 1909.91
MASZ -1532.59
MASX -3375.24
MASY 1628.66
MASZ -2595.09
MASX -2218.99
MASY 534.912
MASZ -2845.09
MASX -2718.99
MASY 659.912
MASZ -2688.84
MASX -2062.74
MASY 722.412
MASZ 3686.16
MASX -3468.99
MASY 222.412
MASZ -2345.09
MASX -2812.74
MASY 1253.66
MASZ -3126.34
MASX -2593.99
MASY 409.912
MASZ -2313.84
MASX -3062.87
MASY -58.8379
MASZ -2313.84
MASX -2500.24
MASY 1784.91
MASZ -1688.84
MASX -3125.24
MASY 378.662
MASZ -3532.59
MASX -3062.74
MASY 1659.91
MASZ -2376.34
MASX -2437.74
MASY 816.162
MASZ -1032.59
MASX -2718.99
MASY 816.162
MASZ 3717.41
MASX -2750.24
MASY 753.662
MASZ -2345.09
MASX -2437.74
MASY 941.162
MASZ -3626.34
MASX -2031.49
MASY 1253.66
MASZ -3001.34
MASX -2343.99
MASY 1284.91
MASZ -220.093
MASX 3593.51
MASY 1409.91
MASZ -1470.09
MASX -2562.74
MASY 159.912
MASZ -1782.59
MASX -1937.74
MASY 1878.66
MASZ -2595.09
MASX -3062.74
MASY 2409.91
MASZ -1845.09
MASX -3000.24
MASY 1628.66
MASZ -2626.34
MASX -2562.74
MASY 878.662
MASZ -1907.59
MASX -2250.24
MASY 1409.91
MASZ -2126.34
MASX -2968.99
MASY 1878.66
MASZ -3251.34
MASX -3375.24
MASY 1847.41
MASZ -2970.09
MASX -2062.74
MASY 1566.16
MASZ -2282.59
MASX -3281.49
MASY 1659.91
MASZ -2720.09
MASX -1937.74
MASY 628.662
MASZ -2470.09
MASX -2500.24
MASY 2003.66
MASZ -3157.59
MASX -1937.74
MASY 722.412
MASZ -2720.09
MASX -2593.99
MASY 1878.66
MASZ -2376.34
MASX 3562.26
MASY 1784.91
MASZ -2626.34
MASX -3250.24
MASY 1972.41
MASZ -3720.09
MASX -3218.99
MASY 753.662
MASZ -1876.34
MASX -3218.99
MASY 659.912
MASZ -1470.09
MASX -3500.24
MASY 503.662
MASZ -188.843
MASX -2187.74
MASY 2347.41
MASZ -2470.09
MASX -2562.74
MASY 1409.91
MASZ -1626.34
MASX -3062.74
MASY 1003.66
MASZ -1845.09
MASX -2843.99
MASY 722.412
MASZ -3876.34
MASX -3968.99
MASY 1878.66
MASZ -1032.59
MASX 3437.26
MASY 34.9121
MASZ -845.093
MASX -3250.24
MASY 1784.91
MASZ -1720.09
MASX -3218.99
MASY 1284.91
MASZ -720.093
MASX -2687.87
MASY -90.0879
MASZ -1845.09
MASX -3125.24
MASY 878.662
MASZ -2001.34
MASX -3343.99
MASY 597.412
MASZ -3345.09
MASX -2062.74
MASY 784.912
MASZ 3748.66
MASX -3718.99
MASY 1691.16
MASZ -1251.34
MASX -3531.49
MASY 1066.16
MASZ -2282.59
MASX 3656.01
MASY 1628.66
MASZ -1657.59
MASX -1531.49
MASY 628.662
MASZ -2626.34
MASX -2406.49
MASY 1097.41
MASZ -3907.59
MASX -2375.24
MASY 1784.91
MASZ -2970.09
MASX -3468.99
MASY 597.412
MASZ -1907.59
MASX -3125.24
MASY 441.162
MASZ -1376.34
MASX -3093.99
MASY 2066.16
MASZ -2063.84
MASX -3375.24
MASY 1503.66
MASZ -2657.59
MASX -3968.99
MASY 1347.41
MASZ -3751.34
MASX -3343.99
MASY 847.412
MASZ 3842.41
MASX 3312.26
MASY 972.412
MASZ -563.843
MASX -3500.24
MASY 2222.41
MASZ -3313.84
MASX -3062.74
MASY 1034.91
MASZ -3157.59
MASX -3593.99
MASY 1441.16
MASZ -3876.34
MASX -3593.99
MASY 1628.66
MASZ -3157.59
MASX -2625.24
MASY 2409.91
MASZ -2563.84
MASX -2500.24
MASY 1753.66
MASZ 3373.66
MASX -3875.24
MASY 691.162
MASZ -3595.09
MASX -3625.24
MASY 784.912
MASZ -3095.09
MASX -3937.74
MASY 691.162
MASZ -1220.09
MASX -3187.74
MASY 816.162
MASZ -2001.34
MASX -3000.24
MASY 378.662
MASZ -3563.84
MASX -2718.99
MASY 784.912
MASZ -2938.84
MASX -2843.99
MASY 2128.66
MASZ -2501.34
MASX -2625.24
MASY 753.662
MASZ 3311.16
MASX -2562.74
MASY 2097.41
MASZ -3470.09
MASX -3500.24
MASY 1847.41
MASZ -2251.34
MASX -3062.74
MASY 441.284
MASZ 92.4072
MASX -3968.99
MASY 722.412
MASZ 3873.66
MASX -3875.24
MASY 2472.41
MASZ -3188.84
MASX -2406.49
MASY 2284.91
MASZ -845.093
MASX -3125.24
MASY 2066.16
MASZ -1751.34
MASX -2593.99
MASY 1597.41
MASZ -2845.09
MASX -3687.74
MASY 2628.66
MASZ -3595.09
MASX -2437.74
MASY 1159.91
MASZ -2126.34
MASX -2750.24
MASY 1066.16
MASZ -2220.09
MASX -2937.74
MASY 2816.16
MASZ -3282.59
MASX -3781.49
MASY 34.9121
MASZ -2751.34
MASX -3687.74
MASY 1222.41
MASZ -1501.34
MASX -2718.99
MASY 1628.66
MASZ -1095.09
MASX -3375.24
MASY 1316.16
MASZ -1970.09
MASX 3781.01
MASY 1534.91
MASZ -2813.84
MASX -3562.74
MASY 972.412
MASZ -2470.09
MASX -3343.99
MASY 1816.16
MASZ -2501.34
MASX -3500.24
MASY 2222.41
MASZ -2845.09
MASX -3781.49
MASY 1253.66
MASZ -2782.59
MASX -3687.74
MASY 222.412
MASZ -1220.09
MASX -3187.74
MASY 1566.16
MASZ -2907.59
MASX -2281.49
MASY 2347.41
MASZ -2532.59
MASX -3031.49
MASY 1753.66
MASZ -126.343
MASX -3500.24
MASY 1347.41
MASZ -3438.84
MASX -3656.49
MASY 1441.16
MASZ 3904.91
MASX -3843.99
MASY 1972.41
MASZ -2626.34
MASX -3218.99
MASY 909.912
MASZ -2470.09
MASX -2937.74
MASY 191.162
MASZ -3095.09
MASX -2218.99
MASY 3097.41
MASZ -938.843
MASX -3281.49
MASY 1909.91
MASZ -3345.09
MASX -3093.99
MASY 2128.66
MASZ -1813.84
MASX -2718.99
MASY 1847.41
MASZ -1501.34
MASX -3125.24
MASY 941.162
MASZ -2220.09
MASX -2437.74
MASY 2284.91
MASZ -3563.84
MASX -3406.49
MASY 1909.91
MASZ -2595.09
MASX -3906.49
MASY 2066.16
MASZ -1532.59
MASX -2625.24
MASY 2066.16
MASZ -3438.84
MASX -3343.99
MASY 1159.91
MASZ -2001.34
MASX -3000.24
MASY 941.162
MASZ -1688.84
MASX -3718.99
MASY 1972.41
MASZ -2126.34
MASX -3125.24
MASY 1534.91
MASZ -3720.09
MASX 3968.51
MASY 1691.16
MASZ -2345.09
MASX -3125.24
MASY 2097.41
MASZ -470.093
MASX -3093.99
MASY 2253.66
MASZ -1720.09
MASX -2968.99
MASY 1128.66
MASZ -1782.59
MASX -1875.24
MASY 909.912
MASZ -3313.84
MASX -3906.49
MASY 1816.16
MASZ -2032.59
MASX -3812.74
MASY 2222.41
MASZ -3470.09
MASX -3937.74
MASY 2378.66
MASZ -345.093
MASX -3625.24
MASY 2628.66
MASZ -2220.09
MASX -2062.74
MASY 1191.16
MASZ -2845.09
MASX -3343.99
MASY 1534.91
MASZ -3032.59
MASX -1812.74
MASY 34.9121
MASZ -1657.59
MASX -3718.99
MASY 1097.41
MASZ -2407.59
MASX -2843.99
MASY 1753.66
MASZ -2688.84
MASX -3281.49
MASY 1597.41
MASZ -845.093
MASX -1812.74
MASY 1941.16
MASZ -3813.84
MASX -2937.74
MASY 1191.16
MASZ -2126.34
MASX -2562.74
MASY 597.412
MASZ -1938.84
MASX -2500.24
MASY 2378.66
MASZ -1001.34
MASX 3843.51
MASY 1316.16
MASZ -2595.09
MASX -3125.24
MASY 1284.91
MASZ -2126.34
MASX -1218.99
MASY 472.412
MASZ -3188.84
MASX -2593.99
MASY 1284.91
MASZ -3063.84
MASX -2343.99
MASY 1378.66
MASZ 3811.16
MASX -3718.99
MASY 2097.41
MASZ -3595.09
MASX -3312.74
MASY 2378.66
MASZ -2157.59
MASX -3343.99
MASY 878.662
MASZ -3813.84
MASX -3406.49
MASY 1753.66
MASZ -3751.34
MASX -2906.49
MASY 1191.16
MASZ -3032.59
MASX -3187.74
MASY 1097.41
MASZ -2032.59
MASX 3749.76
MASY 1128.66
MASZ -1220.09
MASX -3218.99
MASY 1941.16
MASZ -876.343
MASX -2125.24
MASY 191.162
MASZ -2657.59
MASX -2875.24
MASY 191.162
MASZ -1376.34
MASX -2375.24
MASY 628.662
MASZ 3811.16
MASX -2812.87
MASY -152.588
MASZ -1126.34
MASX -2250.24
MASY 1534.91
MASZ -3845.09
MASX -2218.99
MASY 1534.91
MASZ -2063.84
MASX -3187.74
MASY 972.412
MASZ -1470.09
MASX -3781.49
MASY 1066.16
MASZ 3373.66
MASX -3281.49
MASY 1003.66
MASZ -1126.34
MASX -2468.99
MASY 2159.91
MASZ 2998.66
MASX -1750.24
MASY 1628.66
MASZ -1470.09
MASX -3843.99
MASY 1909.91
MASZ -1251.34
MASX -3531.49
MASY 1503.66
MASZ -1688.84
MASX 3999.76
MASY 691.162
MASZ -1470.09
MASX -3750.24
MASY 1659.91
MASZ -1720.09
MASX -2750.24
MASY 2034.91
MASZ -3126.34
MASX -1937.74
MASY 1347.41
MASZ -3032.59
MASX -2343.99
MASY 1628.66
MASZ -2282.59
MASX -2812.74
MASY 784.912
MASZ -1438.84
MASX -3156.49
MASY 441.162
MASZ -3907.59
MASX -2937.74
MASY 1097.41
MASZ -2845.09
MASX -2468.99
MASY 1347.41
MASZ -3595.09
MASX -1500.24
MASY 347.412
MASZ -3282.59
MASX -2875.24
MASY 1972.41
MASZ -2282.59
MASX 3687.26
MASY 1909.91
MASZ -1876.34
MASX 3249.76
MASY 1691.16
MASZ -1907.59
MASX -2250.24
MASY 753.662
MASZ -2470.09
MASX -875.244
MASY 847.412
MASZ -3595.09
MASX -2125.24
MASY 566.162
MASZ -1751.34
MASX -3593.99
MASY 1534.91
MASZ -2907.59
MASX 3656.01
MASY 1378.66
MASZ -2376.34
MASX -1843.99
MASY 1034.91
MASZ -2876.34
MASX -3156.49
MASY 1566.16
MASZ -2251.34
MASX -2375.24
MASY 1566.16
MASZ -3157.59
MASX -3906.62
MASY -183.838
MASZ -2095.09
MASX 3624.76
MASY 503.662
MASZ -3251.34
MASX -3968.99
MASY 1003.66
MASZ -845.093
MASX -3531.49
MASY 566.162
MASZ -3345.09
MASX -3187.74
MASY 722.412
MASZ -2095.09
MASX -3343.99
MASY 784.912
MASZ -876.343
MASX -3218.99
MASY 378.784
MASZ 967.407
MASX 3656.01
MASY 441.162
MASZ -1407.59
MASX -2812.74
MASY 2066.16
MASZ -1438.84
MASX -2906.49
MASY 409.912
MASZ -2251.34
MASX -3062.74
MASY 1441.16
MASZ -2188.84
MASX -3000.24
MASY 1316.16
MASZ -1751.34
MASX 3874.76
MASY 1753.66
MASZ -2063.84
MASX 3624.76
MASY 659.912
MASZ -2063.84
MASX -2593.99
MASY 2097.41
MASZ 2998.66
MASX -1000.24
MASY 1066.16
MASZ -2876.34
MASX -3718.99
MASY 1534.91
MASZ -2001.34
MASX 2155.88
MASY -308.838
MASZ -1188.84
MASX -3437.74
MASY 1003.66
MASZ -3970.09
MASX -625.244
MASY 1972.41
MASZ -3563.84
MASX -2062.74
MASY 2472.41
MASZ -2438.84
MASX 3562.26
MASY 1128.66
MASZ -2188.84
MASX 3249.76
MASY 2847.41
MASZ -1313.84
MASX -1625.24
MASY 909.912
MASZ -2001.34
MASX -1750.24
MASY 2816.16
MASZ -688.843
MASX -2218.99
MASY 1097.41
MASZ -2188.84
MASX -2031.49
MASY 1316.16
MASZ 3279.91
MASX -2843.99
MASY 409.912
MASZ -1626.34
MASX -2843.99
MASY 847.412
MASZ -1657.59
MASX -3593.99
MASY 1409.91
MASZ -1345.09
MASX -2781.49
MASY 1159.91
MASZ -782.593
MASX -2593.99
MASY 1472.41
MASZ -3282.59
MASX 3937.26
MASY 1659.91
MASZ -2438.84
MASX 3624.76
MASY 2128.66
MASZ -1938.84
MASX -3875.24
MASY 1941.16
MASZ -1376.34
MASX -2875.24
MASY 66.1621
MASZ -2095.09
MASX -1562.74
MASY 1816.16
MASZ -2876.34
MASX -2406.49
MASY 1503.66
MASZ -1782.59
MASX 3093.51
MASY 2316.16
MASZ -2032.59
MASX 3531.01
MASY 941.162
MASZ -3751.34
MASX -2031.49
MASY 1441.16
MASZ 3248.66
MASX -1687.74
MASY 1066.16
MASZ -3282.59
MASX -2750.24
MASY 1284.91
MASZ -1938.84
MASX 2843.51
MASY 1472.41
MASZ -438.843
MASX 2749.76
MASY 1378.78
MASZ 1186.16
MASX -1781.49
MASY 972.412
MASZ -2751.34
MASX -1718.99
MASY 2034.91
MASZ -3126.34
MASX -2343.99
MASY 1816.16
MASZ -3282.59
MASX 3562.26
MASY 2097.41
MASZ -1813.84
MASX -2781.49
MASY 2034.91
MASZ -2720.09
MASX 3937.26
MASY 2660.03
MASZ 404.907
MASX -2062.74
MASY 2378.66
MASZ -1282.59
MASX -593.994
MASY 1128.66
MASZ -3345.09
MASX -2031.49
MASY 2191.16
MASZ -2063.84
MASX -3000.24
MASY 722.412
MASZ -2845.09
MASX -3156.49
MASY 2316.28
MASZ 29.9072
MASX 3312.26
MASY 1441.16
MASZ -782.593
MASX -2250.24
MASY 1034.91
MASZ -2907.59
MASX -2937.74
MASY 1222.41
MASZ -2095.09
MASX -3187.74
MASY 1159.91
MASZ -2657.59
MASX -3937.74
MASY 2316.16
MASZ -2438.84
MASX -3625.24
MASY 34.9121
MASZ -3063.84
MASX -3531.49
MASY 1909.91
MASZ -1095.09
MASX -3937.74
MASY 2441.16
MASZ -720.093
MASX -2312.74
MASY 1066.16
MASZ -2970.09
MASX 3687.26
MASY 66.1621
MASZ -3501.34
MASX -3375.24
MASY 1503.66
MASZ -2345.09
MASX -3125.24
MASY 2034.91
MASZ -1626.34
MASX -3750.24
MASY 659.912
MASZ -595.093
MASX -2843.99
MASY 534.912
MASZ -3282.59
MASX -2000.24
MASY 566.162
MASZ -2251.34
MASX -3000.24
MASY 1316.16
MASZ -3438.84
MASX -3406.49
MASY 1941.16
MASZ -2907.59
MASX -2937.74
MASY 1034.91
MASZ -2220.09
MASX -3812.74
MASY 1597.41
MASZ -3345.09
MASX -1656.49
MASY 1691.16
MASZ 3342.41
MASX -2562.74
MASY 784.912
MASZ -1595.09
MASX -3343.99
MASY 566.162
MASZ -2688.84
MASX -2843.99
MASY 1534.91
MASZ -2626.34
MASX 3687.26
MASY 1378.66
MASZ -3095.09
MASX -3656.49
MASY 909.912
MASZ -3188.84
MASX -1906.49
MASY 503.662
MASZ -2813.84
MASX -2593.99
MASY 753.662
MASZ -1657.59
MASX -2687.74
MASY 909.912
MASZ -1251.34
MASX -3375.24
MASY 1316.16
MASZ -3220.09
MASX 3937.26
MASY 253.662
MASZ -2876.34
MASX 3968.51
MASY 1347.41
MASZ -2532.59
MASX -3062.74
MASY 1472.41
MASZ -532.593
MASX -3062.74
MASY 1284.91
MASZ -3313.84
MASX -3468.99
MASY 1753.66
MASZ -95.0928
MASX -3343.99
MASY 1159.91
MASZ -751.343
MASX -3000.24
MASY 1722.41
MASZ -3407.59
MASX -3281.49
MASY 1222.41
MASZ 3779.91
MASX -3781.49
MASY 1659.91
MASZ -2282.59
MASX -2812.74
MASY 1441.16
MASZ -1970.09
MASX -2343.99
MASY 347.412
MASZ -3438.84
MASX -1000.24
MASY 784.912
MASZ 3592.41
MASX -2687.74
MASY 1659.91
MASZ 3529.91
MASX -3281.49
MASY 2347.41
MASZ -1376.34
MASX -2093.99
MASY 2628.66
MASZ 3779.91
MASX -2843.99
MASY 2066.16
MASZ -2251.34
MASX -2843.99
MASY 1066.16
MASZ -3251.34
MASX -2218.99
MASY 316.162
MASZ -1001.34
MASX -3562.74
MASY 1097.41
MASZ -126.343
MASX -3375.24
MASY 1097.41
MASZ -845.093
MASX 3718.51
MASY 409.912
MASZ -1970.09
MASX -3906.49
MASY 1222.41
MASZ -2282.59
MASX -2062.74
MASY 1628.66
MASZ -1563.84
MASX -3312.74
MASY 1034.91
MASZ -1157.59
MASX -2343.99
MASY 1503.66
MASZ 3967.41
MASX -2781.49
MASY 1284.91
MASZ 3248.66
MASX -1718.99
MASY 1566.16
MASZ -3407.59
MASX -3781.49
MASY 1628.66
MASZ -1001.34
MASX -3468.99
MASY 1066.16
MASZ -970.093
MASX 2937.26
MASY 1691.16
MASZ -845.093
MASX -3906.49
MASY 722.412
MASZ -1220.09
MASX -3562.74
MASY 1534.91
MASZ -3376.34
MASX -3093.99
MASY 816.162
MASZ -2063.84
MASX -2468.99
MASY 1378.66
MASZ -2532.59
MASX -3000.24
MASY 628.662
MASZ -3970.09
MASX -3125.24
MASY 2066.16
MASZ -3032.59
MASX -2406.49
MASY 316.162
MASZ -2688.84
MASX -2656.49
MASY 2034.91
MASZ -1532.59
MASX -2625.24
MASY 2097.41
MASZ -3376.34
MASX -2937.74
MASY 1628.66
MASZ -720.093
MASX 3906.01
MASY 1628.66
MASZ -2438.84
MASX -3406.49
MASY 1722.53
MASZ 186.157
MASX -3343.99
MASY 1878.66
MASZ -2032.59
MASX -2406.49
MASY 816.162
MASZ -2251.34
MASX -3593.99
MASY 1409.91
MASZ -3907.59
MASX -3843.99
MASY 1253.66
MASZ -2938.84
MASX -3062.74
MASY 1784.91
MASZ -1782.59
MASX -2750.24
MASY 972.412
MASZ -2532.59
MASX -3000.24
MASY 1128.66
MASZ -2813.84
MASX -3437.74
MASY 816.162
MASZ -1095.09
MASX 3999.76
MASY 316.162
MASZ -1501.34
MASX -3218.99
MASY 1253.66
MASZ -3938.84
MASX -3218.99
MASY 1659.91
MASZ -3032.59
MASX -3218.99
MASY 1347.41
MASZ -3470.09
MASX -2656.49
MASY 2159.91
MASZ -3282.59
MASX -3500.24
MASY 1847.41
MASZ -2501.34
MASX -3218.99
MASY 1628.66
MASZ -2782.59
MASX -1968.99
MASY 97.4121
MASZ -313.843
MASX -2437.74
MASY 2253.66
MASZ 3967.41
MASX -3312.74
MASY 1941.16
MASZ -3813.84
MASX -3093.99
MASY 1378.66
MASZ -1470.09
MASX -3312.74
MASY 1722.41
MASZ -2063.84
MASX -3656.49
MASY 128.662
MASZ -3563.84
MASX -2468.99
MASY 566.162
MASZ 3686.16
MASX -3281.49
MASY 1253.66
MASZ -2126.34
MASX 3937.26
MASY 1472.41
MASZ -2626.34
MASX -3156.49
MASY 1191.16
MASZ -2032.59
MASX -3437.74
MASY 1253.66
MASZ -188.843
MASX -2281.49
MASY 1597.41
MASZ -3001.34
MASX -1531.49
MASY 2097.41
MASZ -1313.84
MASX -2812.74
MASY 128.662
MASZ -2751.34
MASX -2937.74
MASY 1503.66
MASZ -2657.59
MASX -1437.74
MASY 222.412
MASZ -3501.34
MASX -656.616
MASY -277.588
MASZ -1501.34
MASX 2187.26
MASY -3308.84
MASZ -1438.84
MASX -750.366
MASY -214.966
MASZ 92.4072
MASX 2656.01
MASY 753.662
MASZ -3813.84
MASX 1187.13
MASY -27.5879
MASZ 1248.66
MASX -531.494
MASY 3878.66
MASZ -2345.09
MASX 468.506
MASY 2722.41
MASZ -438.843
MASX -468.994
MASY 1066.28
MASZ 1467.41
MASX 2218.51
MASY 816.162
MASZ -2595.09
MASX 1062.26
MASY 2097.41
MASZ 3936.16
MASX -62.7441
MASY 2691.16
MASZ -3626.34
MASX -2875.37
MASY -465.088
MASZ -3063.84
MASX 3124.76
MASY 97.5342
MASZ 498.657
MASX -3156.49
MASY 97.4121
MASZ -2126.34
MASX 62.2559
MASY 1472.41
MASZ -2313.84
MASX -2125.24
MASY 1909.91
MASZ -2970.09
MASX -1125.24
MASY 972.412
MASZ -2345.09
MASX -3718.99
MASY 1316.16
MASZ -501.343
MASX 3843.51
MASY 2191.16
MASZ -1438.84
MASX 3281.01
MASY 1534.91
MASZ -1595.09
MASX -2812.74
MASY 753.662
MASZ -2438.84
MASX -843.994
MASY 1222.41
MASZ -3532.59
MASX -1375.24
MASY 2441.16
MASZ 3904.91
MASX 3531.01
MASY 1659.91
MASZ -1032.59
MASX 3343.51
MASY 1378.66
MASZ -1470.09
MASX -2531.49
MASY 1159.91
MASZ -2970.09
MASX -2062.74
MASY 1409.91
MASZ 2498.66
MASX -3468.99
MASY 1941.16
MASZ -3657.59
MASX 3593.51
MASY 1441.16
MASZ -95.0928
MASX 3031.01
MASY 1472.41
MASZ -1563.84
MASX -2125.24
MASY 2378.66
MASZ -3563.84
MASX 3968.51
MASY 2472.41
MASZ -532.593
MASX -3000.24
MASY 2378.66
MASZ -2220.09
MASX -3406.49
MASY 1347.41
MASZ -1251.34
MASX 3781.01
MASY 816.162
MASZ -1376.34
MASX 2937.26
MASY 1878.66
MASZ -282.593
MASX -2250.24
MASY 1847.41
MASZ -2813.84
MASX -2750.24
MASY 1316.16
MASZ -3282.59
MASX -2875.24
MASY 1316.16
MASZ -2063.84
MASX -2843.99
MASY 1316.16
MASZ -3251.34
MASX -3812.87
MASY -496.216
MASZ 467.407
MASX -3687.74
MASY 1347.41
MASZ -3626.34
MASX 2906.01
MASY 3159.91
MASZ -2657.59
MASX -3812.74
MASY 2691.16
MASZ -2782.59
MASX -3468.99
MASY 1409.91
MASZ -1688.84
MASX -3031.49
MASY 1784.91
MASZ -2907.59
MASX -3031.49
MASY 691.162
MASZ -1313.84
MASX -3375.24
MASY 972.412
MASZ -251.343
MASX -2687.74
MASY 1816.16
MASZ -1001.34
MASX -2281.49
MASY 1847.41
MASZ -1595.09
MASX -3531.49
MASY 34.9121
MASZ -845.093
MASX -3093.99
MASY 1253.66
MASZ -1376.34
MASX 3687.26
MASY 2222.41
MASZ -3876.34
MASX -2093.99
MASY 2034.91
MASZ -3532.59
MASX -3312.74
MASY 1691.16
MASZ -2407.59
MASX -2593.99
MASY 1628.66
MASZ -595.093
MASX -3593.99
MASY 1409.91
MASZ -2907.59
MASX -3187.74
MASY 1284.91
MASZ -2876.34
MASX -2312.74
MASY 1284.91
MASZ -1845.09
MASX -3531.49
MASY 1378.66
MASZ -938.843
MASX -3031.49
MASY 1128.66
MASZ -2657.59
MASX -3437.74
MASY 534.912
MASZ -1751.34
MASX -3062.74
MASY 2222.41
MASZ -2063.84
MASX -1687.74
MASY 347.412
MASZ -2813.84
MASX -2250.24
MASY 659.912
MASZ -3595.09
MASX -2593.99
MASY 1003.66
MASZ -2501.34
MASX -3468.99
MASY 847.412
MASZ -3188.84
MASX -2968.99
MASY 1472.41
MASZ -2063.84
MASX 3874.76
MASY 972.412
MASZ -876.343
MASX -3031.49
MASY 2378.66
MASZ -2220.09
MASX -3656.49
MASY 722.412
MASZ -1501.34
MASX -2531.49
MASY 1628.66
MASZ -3188.84
MASX 3968.51
MASY 1128.66
MASZ -1626.34
MASX 3437.26
MASY 2347.41
MASZ -1595.09
MASX 3968.51
MASY 2159.91
MASZ -1657.59
MASX -2250.24
MASY 1409.91
MASZ -1282.59
MASX -3343.99
MASY 1003.66
MASZ -2032.59
MASX 3937.26
MASY 1003.66
MASZ -3001.34
MASX -2500.24
MASY 1878.66
MASZ -2126.34
MASX -3031.49
MASY 316.162
MASZ -2063.84
MASX -2406.49
MASY 1066.16
MASZ -688.843
MASX -3718.99
MASY 628.662
MASZ -3376.34
MASX -2812.74
MASY 1691.16
MASZ -2657.59
MASX -2781.49
MASY 1097.41
MASZ 3779.91
MASX -2843.99
MASY 2534.91
MASZ -3438.84
MASX -2718.99
MASY 1034.91
MASZ -2313.84
MASX -2968.99
MASY 1722.41
MASZ -1032.59
MASX -3937.74
MASY 1441.16
MASZ -1938.84
MASX -3031.49
MASY 1191.16
MASZ -2970.09
MASX -2062.74
MASY 1784.91
MASZ -3345.09
MASX -2750.24
MASY 1784.91
MASZ -2876.34
MASX -3093.99
MASY 2378.66
MASZ -2595.09
MASX -2718.99
MASY 1316.16
MASZ -3345.09
MASX -1562.74
MASY 2066.16
MASZ -2688.84
MASX -3687.74
MASY 2191.16
MASZ -2157.59
MASX -3156.49
MASY 534.912
MASZ -1813.84
MASX -3593.99
MASY 816.162
MASZ -2720.09
MASX 3968.51
MASY 2066.16
MASZ -3813.84
MASX 3281.01
MASY 1784.91
MASZ -2438.84
MASX -2312.74
MASY 1253.66
MASZ -2470.09
MASX -1687.74
MASY 753.662
MASZ 2904.91
MASX -3750.24
MASY 1284.91
MASZ -3501.34
MASX -3343.99
MASY 2066.16
MASZ -2345.09
MASX -2406.49
MASY 1316.16
MASZ -2157.59
MASX -3000.24
MASY 753.662
MASZ -3220.09
MASX -2562.74
MASY 1503.66
MASZ -782.593
MASX -1875.24
MASY 2191.16
MASZ -3938.84
MASX -3031.49
MASY 1441.16
MASZ -3626.34
MASX -2843.99
MASY 1316.16
MASZ -1063.84
MASX -3187.74
MASY 1503.66
MASZ -1251.34
MASX -2781.49
MASY 1003.66
MASZ -3376.34
MASX -3312.74
MASY 784.912
MASZ -1595.09
MASX -3812.74
MASY 1378.66
MASZ -3157.59
MASX -1500.24
MASY 878.662
MASZ -1001.34
MASX -2781.49
MASY 1253.66
MASZ -3907.59
MASX -3250.24
MASY 1034.91
MASZ -3438.84
MASX -2781.49
MASY 409.912
MASZ -845.093
MASX -3375.24
MASY 847.412
MASZ -2032.59
MASX 3874.76
MASY 1691.16
MASZ -1532.59
MASX 3749.76
MASY 847.412
MASZ -2813.84
MASX -2468.99
MASY 2159.91
MASZ -1157.59
MASX -3562.74
MASY 1753.66
MASZ -1251.34
MASX -3656.49
MASY 222.412
MASZ -1188.84
MASX -3125.24
MASY 1722.41
MASZ -2720.09
MASX -3656.49
MASY 2503.66
MASZ -2688.84
MASX -2750.24
MASY 1628.66
MASZ -3938.84
MASX -3156.49
MASY 1659.91
MASZ -2032.59
MASX -3656.49
MASY 1628.66
MASZ 3373.66
MASX -3343.99
MASY 1472.41
MASZ -3188.84
MASX -3218.99
MASY 2066.16
MASZ -1782.59
MASX -2718.99
MASY 753.662
MASZ -1282.59
MASX -3531.62
MASY -27.5879
MASZ -2001.34
MASX -2031.62
MASY -58.8379
MASZ -3345.09
MASX -3000.24
MASY 1066.16
MASZ -2251.34
MASX 3656.01
MASY 2128.66
MASZ -2876.34
MASX -2750.24
MASY 1003.66
MASZ -2501.34
MASX -3406.49
MASY 2441.16
MASZ -2188.84
MASX -2687.74
MASY 1597.41
MASZ -1251.34
MASX -3250.24
MASY 1566.16
MASZ -3376.34
MASX -2218.99
MASY 1534.91
MASZ -1501.34
MASX -3375.24
MASY 1128.66
MASZ -2595.09
MASX -2875.37
MASY -90.0879
MASZ -3220.09
MASX -3156.49
MASY 1972.41
MASZ -3001.34
MASX -2500.24
MASY 1722.41
MASZ -2407.59
MASX -3437.74
MASY 1722.41
MASZ -2157.59
MASX -2000.24
MASY 1597.41
MASZ -1345.09
MASX -3218.99
MASY 1066.16
MASZ -1563.84
MASX -3156.49
MASY 1972.41
MASZ -1813.84
MASX 3999.76
MASY 503.662
MASZ -3095.09
MASX -2750.24
MASY 1222.41
MASZ -1720.09
MASX -1812.74
MASY 1909.91
MASZ -595.093
MASX -1687.74
MASY 566.162
MASZ -938.843
MASX 3906.01
MASY 1722.41
MASZ -3751.34
MASX -3906.49
MASY 253.662
MASZ -938.843
MASX -3437.74
MASY 2034.91
MASZ -2782.59
MASX 3968.51
MASY 1409.91
MASZ -2188.84
MASX -3343.99
MASY 2566.16
MASZ -2563.84
MASX -3031.49
MASY 1378.66
MASZ -1876.34
MASX -3812.74
MASY 878.662
MASZ -3751.34
MASX -3968.99
MASY 1097.41
MASZ -313.843
MASX -3093.99
MASY 1878.66
MASZ -3626.34
MASX -1593.99
MASY 1691.16
MASZ -3126.34
MASX -3125.24
MASY 909.912
MASZ -1845.09
MASX -3156.49
MASY 628.662
MASZ -2470.09
MASX -3156.49
MASY 472.412
MASZ -1751.34
MASX -2812.74
MASY 1441.16
MASZ -3032.59
MASX -3218.99
MASY 1941.16
MASZ -3345.09
MASX -2625.24
MASY 1753.66
MASZ -2626.34
MASX -2968.99
MASY 2191.16
MASZ 3873.66
MASX -3406.49
MASY 1566.16
MASZ -2032.59
MASX -3156.49
MASY 2378.66
MASZ -2376.34
MASX -3437.74
MASY 1503.66
MASZ -2282.59
MASX -2312.74
MASY 128.662
MASZ -2470.09
MASX -3500.24
MASY 1284.91
MASZ -1532.59
MASX -2656.49
MASY 784.912
MASZ -1845.09
MASX -3906.49
MASY 722.412
MASZ 3404.91
MASX -3156.49
MASY 1628.66
MASZ -2970.09
MASX -3562.74
MASY 1753.66
MASZ -2157.59
MASX -3593.99
MASY 1784.91
MASZ -1782.59
MASX -2156.49
MASY 1472.41
MASZ -2876.34
MASX -2218.99
MASY 1878.66
MASZ -1970.09
MASX -2843.99
MASY 2159.91
MASZ -3001.34
MASX -2312.74
MASY 909.912
MASZ -1907.59
MASX -3406.49
MASY 1691.16
MASZ -1001.34
MASX -2656.49
MASY 816.162
MASZ -1345.09
MASX -3031.49
MASY 1503.66
MASZ -2813.84
MASX -3531.49
MASY 1972.41
MASZ 3123.66
MASX -3125.24
MASY 941.162
MASZ 2998.66
MASX -2437.74
MASY 316.162
MASZ -2751.34
MASX -2656.49
MASY 1409.91
MASZ -2688.84
MASX -3906.49
MASY 534.912
MASZ 3904.91
MASX -3593.99
MASY 1878.66
MASZ -2720.09
MASX 3843.51
MASY 1034.91
MASZ -3720.09
MASX -3656.49
MASY 2472.41
MASZ -1126.34
MASX -3000.24
MASY 1003.66
MASZ -1720.09
MASX -2812.74
MASY 316.162
MASZ -2845.09
MASX -3000.24
MASY 597.412
MASZ -2501.34
MASX -2437.74
MASY 1628.66
MASZ -1876.34
MASX -3000.24
MASY 1034.91
MASZ -1751.34
MASX -2718.99
MASY 2941.16
MASZ -1845.09
MASX -3031.49
MASY 1534.91
MASZ -3251.34
MASX -2593.99
MASY 1378.66
MASZ -2845.09
MASX 3718.51
MASY 1253.66
MASZ -2470.09
MASX -2750.24
MASY 2534.91
MASZ -2782.59
MASX -3906.49
MASY 1347.41
MASZ -2282.59
MASX -2281.49
MASY 1597.41
MASZ -2188.84
MASX -2781.49
MASY 1722.41
MASZ -2157.59
MASX -3062.74
MASY 1159.91
MASZ -3501.34
MASX -2593.99
MASY 972.412
MASZ -1876.34
MASX -2781.49
MASY 1003.66
MASZ -2970.09
MASX -3875.24
MASY 2097.41
MASZ -1782.59
MASX -2250.24
MASY 1128.66
MASZ 3873.66
MASX -3031.49
MASY 2628.66
MASZ -2376.34
MASX -2593.99
MASY 1128.66
MASZ 3592.41
MASX -3375.24
MASY 1003.66
MASZ -3438.84
MASX -3718.99
MASY 816.162
MASZ -470.093
MASX -3500.24
MASY 1347.41
MASZ -1001.34
MASX -2187.74
MASY 1566.16
MASZ -3063.84
MASX -3750.24
MASY 1941.16
MASZ -1813.84
MASX -3468.99
MASY 2003.66
MASZ -1438.84
MASX -1468.99
MASY 1503.66
MASZ -626.343
MASX -2250.24
MASY 1003.66
MASZ -2845.09
MASX -3093.99
MASY 1659.91
MASZ -1751.34
MASX -3500.24
MASY 628.662
MASZ -2688.84
MASX -3093.99
MASY 1503.66
MASZ -3751.34
MASX -2343.99
MASY 1222.41
MASZ -1626.34
MASX -3781.49
MASY 1003.66
MASZ -2907.59
MASX -2062.74
MASY 503.662
MASZ -2001.34
MASX -3843.99
MASY 1347.41
MASZ -1126.34
MASX -2718.99
MASY 1128.66
MASZ -2376.34
MASX -2968.99
MASY 1191.16
MASZ -2188.84
MASX -3375.24
MASY 2909.91
MASZ -3345.09
MASX -2968.99
MASY 1566.16
MASZ -1095.09
MASX -2781.49
MASY 1972.41
MASZ -1970.09
MASX -3875.24
MASY 972.412
MASZ -2282.59
MASX -1843.99
MASY 1191.16
MASZ -3688.84
MASX -3187.74
MASY 1503.66
MASZ -2688.84
MASX -2718.99
MASY 2659.91
MASZ -3220.09
MASX -2468.99
MASY 441.162
MASZ -2220.09
MASX 3999.76
MASY 1316.16
MASZ -2220.09
MASX -2468.99
MASY 1066.16
MASZ -1376.34
MASX 3906.01
MASY 878.662
MASZ -938.843
MASX -3406.49
MASY 2191.16
MASZ -2345.09
MASX -3875.24
MASY 2284.91
MASZ -3313.84
MASX -3468.99
MASY 972.412
MASZ -2626.34
MASX 3343.51
MASY 2034.91
MASZ -2063.84
MASX -2750.24
MASY 2034.91
MASZ -1095.09
MASX 3906.01
MASY 1847.41
MASZ -2876.34
MASX -2437.74
MASY 1378.66
MASZ -2751.34
MASX -3500.24
MASY 1722.41
MASZ -2657.59
MASX -2937.74
MASY 1097.41
MASZ -2188.84
MASX -2500.37
MASY -27.5879
MASZ -3438.84
MASX -1875.24
MASY 1097.41
MASZ -1095.09
MASX 3968.51
MASY 1691.16
MASZ -2438.84
MASX -2968.99
MASY 628.662
MASZ -2876.34
MASX -2093.99
MASY 2534.91
MASZ -3470.09
MASX -3406.49
MASY 253.662
MASZ -1532.59
MASX -3375.24
MASY 1409.91
MASZ -2282.59
MASX 3843.51
MASY 1878.66
MASZ -657.593
MASX -2781.49
MASY 1378.66
MASZ -1470.09
MASX -3219.12
MASY -215.088
MASZ -2470.09
MASX -3750.24
MASY 347.412
MASZ 3436.16
MASX -2593.99
MASY 2128.66
MASZ -2938.84
MASX -2437.74
MASY 2003.66
MASZ -63.8428
MASX 3906.01
MASY 1878.66
MASZ -1563.84
MASX -3531.49
MASY 972.412
MASZ -3001.34
MASX -2656.49
MASY 878.662
MASZ -2063.84
MASX -3343.99
MASY 1503.66
MASZ -1657.59
MASX -2843.99
MASY 784.912
MASZ -845.093
MASX 3406.01
MASY 1566.16
MASZ -2032.59
MASX -2687.74
MASY 1191.16
MASZ -3282.59
MASX -3875.24
MASY 753.662
MASZ -2220.09
MASX -2906.49
MASY 2472.41
MASZ -3282.59
MASX -3218.99
MASY 1691.16
MASZ -1220.09
MASX -2281.49
MASY 1159.91
MASZ -2282.59
MASX -2406.49
MASY 1847.41
MASZ -2095.09
MASX -2625.24
MASY 1222.41
MASZ -2251.34
MASX -3281.49
MASY 722.412
MASZ -2595.09
MASX -3343.99
MASY 2034.91
MASZ -1126.34
MASX 3843.51
MASY 878.662
MASZ -782.593
MASX -2750.24
MASY 503.662
MASZ -3157.59
MASX -3437.74
MASY 409.912
MASZ 3342.41
MASX -3312.74
MASY 1722.41
MASZ -2313.84
MASX -3750.24
MASY 691.162
MASZ -1251.34
MASX -2125.24
MASY 1691.16
MASZ -1282.59
MASX -3593.99
MASY 1159.91
MASZ -3032.59
MASX -3281.49
MASY 159.912
MASZ -3282.59
MASX -3312.74
MASY 472.412
MASZ -2782.59
MASX 3906.01
MASY 347.412
MASZ -2688.84
MASX -2500.24
MASY 1222.41
MASZ -1970.09
MASX -3500.24
MASY 2159.91
MASZ -2813.84
MASX -3531.49
MASY 1003.66
MASZ -3345.09
MASX 3874.76
MASY 2066.16
MASZ 3654.91
MASX -3250.24
MASY 1097.41
MASZ -2157.59
MASX -3062.74
MASY 1972.41
MASZ -3313.84
MASX -3562.74
MASY 1284.91
MASZ -2188.84
MASX -3343.99
MASY 1816.16
MASZ -1907.59
MASX -3218.99
MASY 1722.41
MASZ -3126.34
MASX -2906.49
MASY 1066.16
MASZ -2345.09
MASX -2062.74
MASY 1128.66
MASZ -1782.59
MASX -2750.24
MASY 1503.66
MASZ -1220.09
MASX -2500.24
MASY 1847.41
MASZ -2063.84
MASX -3625.24
MASY 1316.16
MASZ -63.8428
MASX -3718.99
MASY 1472.41
MASZ -3157.59
MASX -3437.74
MASY 1347.41
MASZ -2751.34
MASX -2968.99
MASY 1409.91
MASZ -3313.84
MASX -2812.74
MASY 2347.41
MASZ -282.593
MASX -3656.49
MASY 909.912
MASZ -1782.59
MASX -2906.49
MASY 2816.16
MASZ -1970.09
MASX -2531.49
MASY 1347.41
MASZ -3001.34
MASX -2781.49
MASY 1847.41
MASZ -1501.34
MASX -3218.99
MASY 1441.16
MASZ -2813.84
MASX -3593.99
MASY 1003.66
MASZ -1438.84
MASX -3812.74
MASY 691.162
MASZ -2876.34
MASX -3031.49
MASY 1378.66
MASZ -3407.59
MASX -2843.99
MASY 1816.16
MASZ -2782.59
MASX -3125.24
MASY 2347.41
MASZ -2220.09
MASX -2687.74
MASY 472.412
MASZ -2813.84
MASX -3906.49
MASY 316.162
MASZ -3345.09
MASX -3250.24
MASY 1378.66
MASZ -2782.59
MASX 3937.26
MASY 2128.66
MASZ -3313.84
MASX -3156.49
MASY 534.912
MASZ -3438.84
MASX -3125.24
MASY 1503.66
MASZ -2282.59
MASX -3250.24
MASY 1284.91
MASZ -2657.59
MASX -1968.99
MASY 2034.91
MASZ -876.343
MASX -2656.49
MASY 1066.16
MASZ -2063.84
MASX -3031.49
MASY 972.412
MASZ 1748.66
MASX -3718.99
MASY 128.662
MASZ -3532.59
MASX -3718.99
MASY 2191.16
MASZ -1782.59
MASX -2250.24
MASY 1566.16
MASZ -1126.34
MASX -2281.49
MASY 1378.66
MASZ -1907.59
MASX -3187.74
MASY 941.162
MASZ -3532.59
MASX -2625.24
MASY 1191.16
MASZ -1563.84
MASX -2875.24
MASY 1941.16
MASZ -1970.09
MASX -3875.24
MASY 2097.41
MASZ -1345.09
MASX -3468.99
MASY 1691.16
MASZ -3470.09
MASX -3531.49
MASY 1691.16
MASZ -2157.59
MASX 3437.26
MASY 1878.66
MASZ -1626.34
MASX -2937.74
MASY 1659.91
MASZ -2970.09
MASX -3656.49
MASY 2222.41
MASZ -2595.09
MASX -2593.99
MASY 1878.66
MASZ -3751.34
MASX -2937.74
MASY 1222.41
MASZ -2813.84
MASX -3875.24
MASY 1753.66
MASZ -2407.59
MASX -2469.12
MASY -90.0879
MASZ 3498.66
MASX -2812.74
MASY 1503.66
MASZ -2407.59
MASX -3625.24
MASY 753.662
MASZ -3907.59
MASX -3093.99
MASY 878.662
MASZ -1313.84
MASX -2812.74
MASY 316.162
MASZ -1532.59
MASX -1968.99
MASY 1284.91
MASZ -3720.09
MASX -2468.99
MASY 284.912
MASZ -2032.59
MASX -2468.99
MASY 1191.16
MASZ -3438.84
MASX -3156.49
MASY 909.912
MASZ -3688.84
MASX -2750.24
MASY 1628.66
MASZ -1157.59
MASX -2531.49
MASY 2784.91
MASZ -876.343
MASX -3312.74
MASY 1191.16
MASZ -2782.59
MASX -2218.99
MASY 2159.91
MASZ -3282.59
MASX -3375.24
MASY 597.412
MASZ -2251.34
MASX -2750.24
MASY 1691.16
MASZ 3217.41
MASX -2750.24
MASY 1441.16
MASZ -2501.34
MASX -3000.24
MASY 2003.66
MASZ -1157.59
MASX 3656.01
MASY 1097.41
MASZ -3970.09
MASX -3468.99
MASY 1066.16
MASZ -2501.34
MASX -2218.99
MASY 2441.16
MASZ -1470.09
MASX -3250.24
MASY 1503.66
MASZ -3657.59
MASX -3875.24
MASY 66.1621
MASZ -2938.84
MASX -3031.49
MASY 2034.91
MASZ -2626.34
MASX -2250.24
MASY 2347.41
MASZ -2220.09
MASX -3531.49
MASY 1503.66
MASZ -3126.34
MASX -2062.74
MASY 1441.16
MASZ -3376.34
MASX -3906.49
MASY 1128.66
MASZ -2907.59
MASX -2750.24
MASY 2316.16
MASZ -2845.09
MASX -2375.24
MASY 503.662
MASZ -2220.09
MASX -2125.24
MASY 1409.91
MASZ -720.093
MASX -2625.24
MASY 1159.91
MASZ -2407.59
MASX -3343.99
MASY 1034.91
MASZ -2845.09
MASX -3156.49
MASY 1909.91
MASZ -2438.84
MASX -3000.24
MASY 784.912
MASZ -2720.09
MASX -3156.49
MASY 284.912
MASZ -2032.59
MASX -2812.74
MASY 972.412
MASZ -1345.09
MASX -2937.74
MASY 566.162
MASZ -3282.59
MASX -2625.37
MASY -215.088
MASZ -3001.34
MASX -2687.74
MASY 1409.91
MASZ -3938.84
MASX -2187.74
MASY 1441.16
MASZ -1595.09
MASX -2843.99
MASY 1284.91
MASZ -3595.09
MASX 3874.76
MASY 1159.91
MASZ -3626.34
MASX -3125.24
MASY 503.662
MASZ -2938.84
MASX -3250.24
MASY 503.662
MASZ 3436.16
MASX -3000.24
MASY 1597.41
MASZ -3470.09
MASX -3000.24
MASY 441.162
MASZ -1470.09
MASX -3718.99
MASY 1316.16
MASZ -1501.34
MASX -2718.99
MASY 1316.16
MASZ -251.343
MASX -2781.49
MASY 1628.66
MASZ -1438.84
MASX -3375.24
MASY 1566.16
MASZ -2845.09
MASX -3375.24
MASY 909.912
MASZ -2345.09
MASX -1812.74
MASY 1097.41
MASZ -3095.09
MASX -3437.74
MASY 1066.16
MASZ -2095.09
MASX -2312.74
MASY 1972.41
MASZ -95.0928
MASX 3999.76
MASY 1034.91
MASZ -1188.84
MASX -2468.99
MASY 284.912
MASZ -2095.09
MASX -1718.99
MASY 1472.41
MASZ -2876.34
MASX -2718.99
MASY 1097.41
MASZ -2688.84
MASX -3375.24
MASY 1659.91
MASZ -1438.84
MASX -3812.74
MASY 909.912
MASZ -2938.84
MASX -3531.49
MASY 784.912
MASZ -3126.34
MASX -3531.49
MASY 1566.16
MASZ -2595.09
MASX -3656.49
MASY 1409.91
MASZ -1532.59
MASX 3718.51
MASY 1441.16
MASZ -3470.09
MASX -2343.99
MASY 1222.41
MASZ -220.093
MASX -2750.24
MASY 1722.41
MASZ -2657.59
MASX 3937.26
MASY 1316.16
MASZ -2876.34
MASX -3062.74
MASY 1034.91
MASZ -3407.59
MASX -2843.99
MASY 441.162
MASZ -1563.84
MASX -1969.12
MASY -121.338
MASZ 3654.91
MASX -3187.74
MASY 1816.16
MASZ -1001.34
MASX 2687.26
MASY 566.162
MASZ -1720.09
MASX -3593.99
MASY 159.912
MASZ -2438.84
MASX -3625.24
MASY 1534.91
MASZ 2186.16
MASX -1937.74
MASY 2253.66
MASZ -2157.59
MASX -3000.24
MASY 1628.66
MASZ -1345.09
MASX 3937.26
MASY 2347.41
MASZ -1751.34
MASX -3187.74
MASY 2816.28
MASZ 873.657
MASX -1781.49
MASY 3784.91
MASZ -3407.59
MASX -2906.49
MASY 1816.16
MASZ 3561.16
MASX -781.494
MASY 784.912
MASZ 2529.91
MASX 530.884
MASY -433.838
MASZ -2407.59
MASX -1906.49
MASY 722.412
MASZ -282.593
MASX 1281.01
MASY 3191.28
MASZ 1967.41
MASX -531.494
MASY 409.912
MASZ -1001.34
MASX 3687.26
MASY 628.662
MASZ 1529.91
MASX -3156.49
MASY 2691.04
MASZ -313.843
MASX 1593.51
MASY 2628.66
MASZ -2626.34
MASX 2062.26
MASY 1066.16
MASZ -2345.09
MASX -656.494
MASY 410.034
MASZ 2904.91
MASX -2937.87
MASY -496.338
MASZ -3001.34
MASX -968.994
MASY 2566.16
MASZ -845.093
MASX 3718.51
MASY 847.412
MASZ 1404.91
MASX -1875.37
MASY -90.0879
MASZ 3248.66
MASX -1656.62
MASY -340.088
MASZ 3342.41
MASX 2749.76
MASY 1128.66
MASZ -282.593
MASX 249.756
MASY 2628.78
MASZ 2717.41
MASX 812.256
MASY 1097.41
MASZ -1970.09
MASX 343.506
MASY 1191.16
MASZ 3373.66
MASX -218.994
MASY 1409.91
MASZ 2779.91
MASX -3968.99
MASY 753.662
MASZ -3220.09
MASX 3281.01
MASY 1566.28
MASZ 123.657
MASX 2624.76
MASY 2034.91
MASZ -95.0928
MASX 3968.51
MASY 816.162
MASZ -2438.84
MASX -1812.74
MASY 1847.41
MASZ 3967.41
MASX -375.244
MASY 1128.66
MASZ -3595.09
MASX -1000.24
MASY 1066.16
MASZ 3748.66
MASX -1906.49
MASY 1878.66
MASZ -2907.59
MASX 2343.51
MASY 1566.16
MASZ -1813.84
MASX 2906.01
MASY 2222.53
MASZ 623.657
MASX -3343.99
MASY 2378.66
MASZ -220.093
MASX -2531.49
MASY 1472.41
MASZ 1592.41
MASX -1031.49
MASY 1409.91
MASZ 2811.16
MASX -1406.49
MASY 722.412
MASZ -2876.34
MASX 3562.26
MASY 1316.16
MASZ -3563.84
MASX -2531.49
MASY 159.912
MASZ -1720.09
MASX -3968.99
MASY 253.662
MASZ -2563.84
MASX 2030.88
MASY -1121.34
MASZ -1282.59
MASX -3843.99
MASY 566.162
MASZ -2282.59
MASX -2625.24
MASY 691.162
MASZ -2782.59
MASX -3093.99
MASY 1034.91
MASZ -2095.09
MASX 3718.51
MASY 159.912
MASZ -2376.34
MASX 2937.26
MASY 1316.16
MASZ -2813.84
MASX -3000.24
MASY 1878.66
MASZ -2376.34
MASX -3218.99
MASY 2284.91
MASZ -2563.84
MASX 3749.76
MASY 2659.91
MASZ -2345.09
MASX -1687.74
MASY 1816.16
MASZ -3532.59
MASX -2125.24
MASY 1316.16
MASZ -3063.84
MASX -3781.49
MASY 97.4121
MASZ -1782.59
MASX -3843.99
MASY 1816.16
MASZ -1845.09
MASX -3531.49
MASY 1597.41
MASZ -63.8428
MASX -2218.99
MASY 2816.16
MASZ -1626.34
MASX -2250.24
MASY 1909.91
MASZ -3345.09
MASX -2500.24
MASY 2222.41
MASZ -2313.84
MASX -2906.49
MASY 1878.66
MASZ -2282.59
MASX -3750.24
MASY 2441.16
MASZ -2595.09
MASX -2250.24
MASY 1753.66
MASZ -2157.59
MASX -2843.99
MASY 1191.16
MASZ -751.343
MASX -1062.74
MASY 1128.66
MASZ 3029.91
MASX -1093.99
MASY 1378.66
MASZ 2467.41
MASX -906.494
MASY 253.662
MASZ -2970.09
MASX -2343.99
MASY 628.784
MASZ 154.907
MASX 2343.51
MASY 253.784
MASZ 1248.66
MASX 2687.26
MASY 691.284
MASZ 404.907
MASX 2374.76
MASY 1409.91
MASZ -1407.59
MASX -3718.99
MASY 2191.16
MASZ -3657.59
MASX -3562.74
MASY 3.66211
MASZ -3532.59
MASX -2781.49
MASY 1003.66
MASZ -3470.09
MASX -3187.74
MASY 1878.66
MASZ -845.093
MASX 3093.51
MASY 1159.91
MASZ -2907.59
MASX -2906.49
MASY 659.912
MASZ -1470.09
MASX -3093.99
MASY 1128.66
MASZ -3001.34
MASX -2468.99
MASY 409.912
MASZ 3436.16
MASX -718.994
MASY 1316.16
MASZ -1157.59
MASX -2062.74
MASY 2409.91
MASZ -3501.34
MASX 3968.51
MASY 1503.66
MASZ -2970.09
MASX -2656.49
MASY 816.162
MASZ -345.093
MASX -2031.49
MASY 1847.41
MASZ -2938.84
MASX -2343.99
MASY 1784.91
MASZ -3845.09
MASX -1593.99
MASY 2128.66
MASZ -3438.84
MASX -3250.24
MASY 1503.66
MASZ -2220.09
MASX 3968.51
MASY 2534.91
MASZ -1720.09
MASX 3499.76
MASY 1066.16
MASZ -1407.59
MASX -2437.74
MASY 1566.16
MASZ -501.343
MASX -2875.24
MASY 1503.66
MASZ -3063.84
MASX -2187.74
MASY 316.162
MASZ -3032.59
MASX -3906.49
MASY 1222.41
MASZ -1282.59
MASX -3187.74
MASY 941.162
MASZ -1938.84
MASX 3437.26
MASY 566.162
MASZ -1157.59
MASX -3093.99
MASY 2222.41
MASZ -1595.09
MASX -1562.74
MASY 1409.91
MASZ -3720.09
MASX -1968.99
MASY 1253.66
MASZ 3467.41
MASX -3156.49
MASY 378.662
MASZ -1157.59
MASX 3999.76
MASY 909.912
MASZ -970.093
MASX -3156.49
MASY 1628.78
MASZ 342.407
MASX -1718.99
MASY 1284.91
MASZ -3907.59
MASX -1781.49
MASY 972.412
MASZ -3532.59
MASX -3437.74
MASY 941.162
MASZ -2032.59
MASX -1500.24
MASY 1753.66
MASZ -1001.34
MASX 3624.76
MASY 2784.91
MASZ -1657.59
MASX 3312.26
MASY 1753.66
MASZ -1313.84
MASX -2500.24
MASY 2566.16
MASZ -3251.34
MASX -2750.24
MASY 347.412
MASZ 2529.91
MASX -2781.49
MASY 2191.16
MASZ -1720.09
MASX 3968.51
MASY 253.662
MASZ 3498.66
MASX 3656.01
MASY 1316.16
MASZ -1876.34
MASX 3218.51
MASY 722.412
MASZ -1470.09
MASX -3156.49
MASY 1534.91
MASZ -2188.84
MASX -1875.24
MASY 1628.66
MASZ -2845.09
MASX -2375.24
MASY 1691.16
MASZ -2657.59
MASX 3593.51
MASY 66.1621
MASZ -3220.09
MASX -3281.49
MASY 1128.66
MASZ -1313.84
MASX -3750.24
MASY 1378.66
MASZ -1220.09
MASX 3531.01
MASY 2347.41
MASZ -782.593
MASX -3812.74
MASY 1941.16
MASZ -438.843
MASX -2218.99
MASY 2816.16
MASZ -3438.84
MASX -3937.74
MASY 1972.41
MASZ 3936.16
MASX -2843.99
MASY 628.662
MASZ -438.843
MASX -2625.24
MASY 1784.91
MASZ -1970.09
MASX -3187.74
MASY 1191.16
MASZ -3470.09
MASX -2281.49
MASY 597.412
MASZ -1970.09
MASX -1968.99
MASY 1441.16
MASZ 3686.16
MASX -1906.49
MASY 1066.16
MASZ -2532.59
MASX -2718.99
MASY 1191.16
MASZ -3720.09
MASX -2718.99
MASY 1628.66
MASZ -3907.59
MASX 3406.01
MASY 1003.66
MASZ -1970.09
MASX -2125.24
MASY 1191.16
MASZ -3251.34
MASX -3156.49
MASY 1378.66
MASZ -1688.84
MASX -2062.74
MASY 1378.66
MASZ -2845.09
MASX -3343.99
MASY 597.412
MASZ -1126.34
MASX -3562.74
MASY 628.662
MASZ -3845.09
MASX -3218.99
MASY 1347.41
MASZ -813.843
MASX -2531.49
MASY 909.912
MASZ -2876.34
MASX -2687.74
MASY 722.412
MASZ -2095.09
MASX -2750.24
MASY 691.162
MASZ 2248.66
MASX -3187.74
MASY 1066.16
MASZ -3001.34
MASX -1843.99
MASY 1441.16
MASZ -1220.09
MASX -3312.74
MASY 1566.16
MASZ -1282.59
MASX -3656.49
MASY 1472.41
MASZ -32.5928
MASX -2906.49
MASY 1003.66
MASZ 3467.41
MASX -2687.74
MASY 1253.66
MASZ -2688.84
MASX 3843.51
MASY 784.912
MASZ -1751.34
MASX -2968.99
MASY 1316.16
MASZ -2782.59
MASX 3531.01
MASY 1316.16
MASZ -1438.84
MASX -2906.49
MASY 1222.41
MASZ -1126.34
MASX 3531.01
MASY 1316.16
MASZ -2470.09
MASX -2625.24
MASY 1003.66
MASZ -1001.34
MASX -3187.74
MASY 1316.16
MASZ -2876.34
MASX -3093.99
MASY 722.412
MASZ -1845.09
MASX -3281.49
MASY 972.412
MASZ -1001.34
MASX -3312.74
MASY 534.912
MASZ -3063.84
MASX -3531.49
MASY 1847.41
MASZ 3592.41
MASX -2437.74
MASY 1847.41
MASZ -2813.84
MASX -1937.74
MASY 1753.66
MASZ -2001.34
MASX -3156.49
MASY 1347.41
MASZ -1813.84
MASX -2656.49
MASY 972.412
MASZ -1407.59
MASX -2687.74
MASY 1816.16
MASZ -1501.34
MASX -2531.49
MASY 1222.41
MASZ -1876.34
MASX -3093.99
MASY 2034.91
MASZ -2220.09
MASX -1656.49
MASY 1253.66
MASZ -2845.09
MASX -3156.49
MASY 2378.66
MASZ -2563.84
MASX -3562.74
MASY 628.662
MASZ 3967.41
MASX -3593.99
MASY 1066.16
MASZ -1595.09
MASX -2437.74
MASY 1816.16
MASZ -2095.09
MASX -3406.49
MASY 691.162
MASZ -2220.09
MASX -2750.24
MASY 1722.41
MASZ 3123.66
MASX -2937.74
MASY 2191.16
MASZ -1001.34
MASX -3593.99
MASY 1941.16
MASZ -1876.34
MASX -3250.24
MASY 753.662
MASZ -1782.59
MASX -3093.99
MASY 2347.41
MASZ -3001.34
MASX -3125.24
MASY 909.912
MASZ -532.593
MASX -2562.74
MASY 441.162
MASZ -1251.34
MASX -3312.74
MASY 566.162
MASZ -2376.34
MASX -3093.99
MASY 1316.16
MASZ -3063.84
MASX 3718.51
MASY 2566.16
MASZ -3313.84
MASX -2656.49
MASY 753.662
MASZ 3717.41
MASX -3687.87
MASY -402.588
MASZ -438.843
MASX -2687.74
MASY 1159.91
MASZ -3595.09
MASX -3531.49
MASY 2066.16
MASZ -2970.09
MASX -3062.74
MASY 941.162
MASZ -2313.84
MASX -3687.74
MASY 441.162
MASZ 3342.41
MASX -2906.62
MASY -215.088
MASZ -2907.59
MASX -3593.99
MASY 2066.16
MASZ -2126.34
MASX 3499.76
MASY 2097.41
MASZ -313.843
MASX -2656.49
MASY 1816.16
MASZ -2282.59
MASX -2343.99
MASY 2722.41
MASZ -2188.84
MASX -2000.24
MASY 2034.91
MASZ -2438.84
MASX -3437.74
MASY 1441.16
MASZ -3532.59
MASX -2781.49
MASY 1159.91
MASZ -2688.84
MASX -2437.74
MASY 1566.16
MASZ -1313.84
MASX -2562.74
MASY 2659.91
MASZ -2907.59
MASX 3812.26
MASY 1691.16
MASZ -3376.34
MASX 3937.26
MASY 2003.66
MASZ -251.343
MASX -3281.49
MASY 1941.16
MASZ -907.593
MASX -3500.24
MASY 1534.91
MASZ -2188.84
MASX -3812.74
MASY 1441.16
MASZ -1251.34
MASX 2187.26
MASY 941.162
MASZ -2126.34
MASX -250.244
MASY 128.662
MASZ -2001.34
MASX 2499.76
MASY 2660.03
MASZ 779.907
MASX 2187.13
MASY -1308.84
MASZ -1063.84
MASX -1781.49
MASY 1784.91
MASZ -3376.34
MASX -1562.74
MASY 784.912
MASZ 2717.41
MASX 937.256
MASY 1753.66
MASZ -2282.59
MASX 1124.76
MASY 2003.66
MASZ -2845.09
MASX -3437.74
MASY 2534.91
MASZ -1907.59
MASX -3500.24
MASY 1128.66
MASZ -438.843
MASX -2375.24
MASY 1691.16
MASZ 1561.16
MASX -3562.74
MASY 34.9121
MASZ -1813.84
MASX -3000.24
MASY 2097.41
MASZ -3313.84
MASX -1687.74
MASY 1222.41
MASZ -2563.84
MASX 3562.26
MASY 1472.41
MASZ -1907.59
MASX -3437.74
MASY 1503.66
MASZ 3967.41
MASX -2718.99
MASY 1472.41
MASZ -2251.34
MASX -2843.99
MASY 1253.66
MASZ -3407.59
MASX -906.494
MASY 2409.91
MASZ -1626.34
MASX 2624.76
MASY 1410.03
MASZ 248.657
MASX -2687.74
MASY 2410.03
MASZ 404.907
MASX -3781.49
MASY 847.534
MASZ 29.9072
MASX 3937.26
MASY 378.662
MASZ -3782.59
MASX -2968.99
MASY 1316.16
MASZ -3220.09
MASX -2562.74
MASY 847.412
MASZ -2907.59
MASX -2500.24
MASY 316.162
MASZ -2626.34
MASX -3593.99
MASY 972.412
MASZ -1345.09
MASX -3312.74
MASY 441.162
MASZ -3751.34
MASX -3531.49
MASY 2066.16
MASZ -2282.59
MASX -2218.99
MASY 1222.41
MASZ -3251.34
MASX -3906.49
MASY 1691.16
MASZ -1157.59
MASX -2968.99
MASY 1691.16
MASZ -2938.84
MASX -3812.74
MASY 1691.16
MASZ -3220.09
